
AVRASM ver. 2.1.30  C:\Users\Niloofar\Desktop\az riz\project\traffic_light\code\Debug\List\source.asm Mon Jul 06 21:52:13 2020

C:\Users\Niloofar\Desktop\az riz\project\traffic_light\code\Debug\List\source.asm(1089): warning: Register r4 already defined by the .DEF directive
C:\Users\Niloofar\Desktop\az riz\project\traffic_light\code\Debug\List\source.asm(1090): warning: Register r5 already defined by the .DEF directive
C:\Users\Niloofar\Desktop\az riz\project\traffic_light\code\Debug\List\source.asm(1091): warning: Register r6 already defined by the .DEF directive
C:\Users\Niloofar\Desktop\az riz\project\traffic_light\code\Debug\List\source.asm(1092): warning: Register r7 already defined by the .DEF directive
C:\Users\Niloofar\Desktop\az riz\project\traffic_light\code\Debug\List\source.asm(1093): warning: Register r8 already defined by the .DEF directive
C:\Users\Niloofar\Desktop\az riz\project\traffic_light\code\Debug\List\source.asm(1094): warning: Register r9 already defined by the .DEF directive
C:\Users\Niloofar\Desktop\az riz\project\traffic_light\code\Debug\List\source.asm(1095): warning: Register r10 already defined by the .DEF directive
C:\Users\Niloofar\Desktop\az riz\project\traffic_light\code\Debug\List\source.asm(1096): warning: Register r11 already defined by the .DEF directive
C:\Users\Niloofar\Desktop\az riz\project\traffic_light\code\Debug\List\source.asm(1097): warning: Register r12 already defined by the .DEF directive
C:\Users\Niloofar\Desktop\az riz\project\traffic_light\code\Debug\List\source.asm(1098): warning: Register r13 already defined by the .DEF directive
                 
                 
                 ;CodeVisionAVR C Compiler V3.12 Advanced
                 ;(C) Copyright 1998-2014 Pavel Haiduc, HP InfoTech s.r.l.
                 ;http://www.hpinfotech.com
                 
                 ;Build configuration    : Debug
                 ;Chip type              : ATmega64
                 ;Program type           : Application
                 ;Clock frequency        : 16.000000 MHz
                 ;Memory model           : Small
                 ;Optimize for           : Size
                 ;(s)printf features     : int, width
                 ;(s)scanf features      : int, width
                 ;External RAM size      : 0
                 ;Data Stack size        : 1024 byte(s)
                 ;Heap size              : 0 byte(s)
                 ;Promote 'char' to 'int': Yes
                 ;'char' is unsigned     : Yes
                 ;8 bit enums            : Yes
                 ;Global 'const' stored in FLASH: Yes
                 ;Enhanced function parameter passing: Yes
                 ;Enhanced core instructions: On
                 ;Automatic register allocation for global variables: On
                 ;Smart register allocation: On
                 
                 	#define _MODEL_SMALL_
                 
                 	#pragma AVRPART ADMIN PART_NAME ATmega64
                 	#pragma AVRPART MEMORY PROG_FLASH 65536
                 	#pragma AVRPART MEMORY EEPROM 2048
                 	#pragma AVRPART MEMORY INT_SRAM SIZE 4096
                 	#pragma AVRPART MEMORY INT_SRAM START_ADDR 0x100
                 
                 	#define CALL_SUPPORTED 1
                 
                 	.LISTMAC
                 	.EQU UDRE=0x5
                 	.EQU RXC=0x7
                 	.EQU USR=0xB
                 	.EQU UDR=0xC
                 	.EQU SPSR=0xE
                 	.EQU SPDR=0xF
                 	.EQU EERE=0x0
                 	.EQU EEWE=0x1
                 	.EQU EEMWE=0x2
                 	.EQU EECR=0x1C
                 	.EQU EEDR=0x1D
                 	.EQU EEARL=0x1E
                 	.EQU EEARH=0x1F
                 	.EQU WDTCR=0x21
                 	.EQU MCUCR=0x35
                 	.EQU SPL=0x3D
                 	.EQU SPH=0x3E
                 	.EQU SREG=0x3F
                 	.EQU XMCRA=0x6D
                 	.EQU XMCRB=0x6C
                 
                 	.DEF R0X0=R0
                 	.DEF R0X1=R1
                 	.DEF R0X2=R2
                 	.DEF R0X3=R3
                 	.DEF R0X4=R4
                 	.DEF R0X5=R5
                 	.DEF R0X6=R6
                 	.DEF R0X7=R7
                 	.DEF R0X8=R8
                 	.DEF R0X9=R9
                 	.DEF R0XA=R10
                 	.DEF R0XB=R11
                 	.DEF R0XC=R12
                 	.DEF R0XD=R13
                 	.DEF R0XE=R14
                 	.DEF R0XF=R15
                 	.DEF R0X10=R16
                 	.DEF R0X11=R17
                 	.DEF R0X12=R18
                 	.DEF R0X13=R19
                 	.DEF R0X14=R20
                 	.DEF R0X15=R21
                 	.DEF R0X16=R22
                 	.DEF R0X17=R23
                 	.DEF R0X18=R24
                 	.DEF R0X19=R25
                 	.DEF R0X1A=R26
                 	.DEF R0X1B=R27
                 	.DEF R0X1C=R28
                 	.DEF R0X1D=R29
                 	.DEF R0X1E=R30
                 	.DEF R0X1F=R31
                 
                 	.EQU __SRAM_START=0x0100
                 	.EQU __SRAM_END=0x10FF
                 	.EQU __DSTACK_SIZE=0x0400
                 	.EQU __HEAP_SIZE=0x0000
                 	.EQU __CLEAR_SRAM_SIZE=__SRAM_END-__SRAM_START+1
                 
                 	.MACRO __CPD1N
                 	CPI  R30,LOW(@0)
                 	LDI  R26,HIGH(@0)
                 	CPC  R31,R26
                 	LDI  R26,BYTE3(@0)
                 	CPC  R22,R26
                 	LDI  R26,BYTE4(@0)
                 	CPC  R23,R26
                 	.ENDM
                 
                 	.MACRO __CPD2N
                 	CPI  R26,LOW(@0)
                 	LDI  R30,HIGH(@0)
                 	CPC  R27,R30
                 	LDI  R30,BYTE3(@0)
                 	CPC  R24,R30
                 	LDI  R30,BYTE4(@0)
                 	CPC  R25,R30
                 	.ENDM
                 
                 	.MACRO __CPWRR
                 	CP   R@0,R@2
                 	CPC  R@1,R@3
                 	.ENDM
                 
                 	.MACRO __CPWRN
                 	CPI  R@0,LOW(@2)
                 	LDI  R30,HIGH(@2)
                 	CPC  R@1,R30
                 	.ENDM
                 
                 	.MACRO __ADDB1MN
                 	SUBI R30,LOW(-@0-(@1))
                 	.ENDM
                 
                 	.MACRO __ADDB2MN
                 	SUBI R26,LOW(-@0-(@1))
                 	.ENDM
                 
                 	.MACRO __ADDW1MN
                 	SUBI R30,LOW(-@0-(@1))
                 	SBCI R31,HIGH(-@0-(@1))
                 	.ENDM
                 
                 	.MACRO __ADDW2MN
                 	SUBI R26,LOW(-@0-(@1))
                 	SBCI R27,HIGH(-@0-(@1))
                 	.ENDM
                 
                 	.MACRO __ADDW1FN
                 	SUBI R30,LOW(-2*@0-(@1))
                 	SBCI R31,HIGH(-2*@0-(@1))
                 	.ENDM
                 
                 	.MACRO __ADDD1FN
                 	SUBI R30,LOW(-2*@0-(@1))
                 	SBCI R31,HIGH(-2*@0-(@1))
                 	SBCI R22,BYTE3(-2*@0-(@1))
                 	.ENDM
                 
                 	.MACRO __ADDD1N
                 	SUBI R30,LOW(-@0)
                 	SBCI R31,HIGH(-@0)
                 	SBCI R22,BYTE3(-@0)
                 	SBCI R23,BYTE4(-@0)
                 	.ENDM
                 
                 	.MACRO __ADDD2N
                 	SUBI R26,LOW(-@0)
                 	SBCI R27,HIGH(-@0)
                 	SBCI R24,BYTE3(-@0)
                 	SBCI R25,BYTE4(-@0)
                 	.ENDM
                 
                 	.MACRO __SUBD1N
                 	SUBI R30,LOW(@0)
                 	SBCI R31,HIGH(@0)
                 	SBCI R22,BYTE3(@0)
                 	SBCI R23,BYTE4(@0)
                 	.ENDM
                 
                 	.MACRO __SUBD2N
                 	SUBI R26,LOW(@0)
                 	SBCI R27,HIGH(@0)
                 	SBCI R24,BYTE3(@0)
                 	SBCI R25,BYTE4(@0)
                 	.ENDM
                 
                 	.MACRO __ANDBMNN
                 	LDS  R30,@0+(@1)
                 	ANDI R30,LOW(@2)
                 	STS  @0+(@1),R30
                 	.ENDM
                 
                 	.MACRO __ANDWMNN
                 	LDS  R30,@0+(@1)
                 	ANDI R30,LOW(@2)
                 	STS  @0+(@1),R30
                 	LDS  R30,@0+(@1)+1
                 	ANDI R30,HIGH(@2)
                 	STS  @0+(@1)+1,R30
                 	.ENDM
                 
                 	.MACRO __ANDD1N
                 	ANDI R30,LOW(@0)
                 	ANDI R31,HIGH(@0)
                 	ANDI R22,BYTE3(@0)
                 	ANDI R23,BYTE4(@0)
                 	.ENDM
                 
                 	.MACRO __ANDD2N
                 	ANDI R26,LOW(@0)
                 	ANDI R27,HIGH(@0)
                 	ANDI R24,BYTE3(@0)
                 	ANDI R25,BYTE4(@0)
                 	.ENDM
                 
                 	.MACRO __ORBMNN
                 	LDS  R30,@0+(@1)
                 	ORI  R30,LOW(@2)
                 	STS  @0+(@1),R30
                 	.ENDM
                 
                 	.MACRO __ORWMNN
                 	LDS  R30,@0+(@1)
                 	ORI  R30,LOW(@2)
                 	STS  @0+(@1),R30
                 	LDS  R30,@0+(@1)+1
                 	ORI  R30,HIGH(@2)
                 	STS  @0+(@1)+1,R30
                 	.ENDM
                 
                 	.MACRO __ORD1N
                 	ORI  R30,LOW(@0)
                 	ORI  R31,HIGH(@0)
                 	ORI  R22,BYTE3(@0)
                 	ORI  R23,BYTE4(@0)
                 	.ENDM
                 
                 	.MACRO __ORD2N
                 	ORI  R26,LOW(@0)
                 	ORI  R27,HIGH(@0)
                 	ORI  R24,BYTE3(@0)
                 	ORI  R25,BYTE4(@0)
                 	.ENDM
                 
                 	.MACRO __DELAY_USB
                 	LDI  R24,LOW(@0)
                 __DELAY_USB_LOOP:
                 	DEC  R24
                 	BRNE __DELAY_USB_LOOP
                 	.ENDM
                 
                 	.MACRO __DELAY_USW
                 	LDI  R24,LOW(@0)
                 	LDI  R25,HIGH(@0)
                 __DELAY_USW_LOOP:
                 	SBIW R24,1
                 	BRNE __DELAY_USW_LOOP
                 	.ENDM
                 
                 	.MACRO __GETD1S
                 	LDD  R30,Y+@0
                 	LDD  R31,Y+@0+1
                 	LDD  R22,Y+@0+2
                 	LDD  R23,Y+@0+3
                 	.ENDM
                 
                 	.MACRO __GETD2S
                 	LDD  R26,Y+@0
                 	LDD  R27,Y+@0+1
                 	LDD  R24,Y+@0+2
                 	LDD  R25,Y+@0+3
                 	.ENDM
                 
                 	.MACRO __PUTD1S
                 	STD  Y+@0,R30
                 	STD  Y+@0+1,R31
                 	STD  Y+@0+2,R22
                 	STD  Y+@0+3,R23
                 	.ENDM
                 
                 	.MACRO __PUTD2S
                 	STD  Y+@0,R26
                 	STD  Y+@0+1,R27
                 	STD  Y+@0+2,R24
                 	STD  Y+@0+3,R25
                 	.ENDM
                 
                 	.MACRO __PUTDZ2
                 	STD  Z+@0,R26
                 	STD  Z+@0+1,R27
                 	STD  Z+@0+2,R24
                 	STD  Z+@0+3,R25
                 	.ENDM
                 
                 	.MACRO __CLRD1S
                 	STD  Y+@0,R30
                 	STD  Y+@0+1,R30
                 	STD  Y+@0+2,R30
                 	STD  Y+@0+3,R30
                 	.ENDM
                 
                 	.MACRO __POINTB1MN
                 	LDI  R30,LOW(@0+(@1))
                 	.ENDM
                 
                 	.MACRO __POINTW1MN
                 	LDI  R30,LOW(@0+(@1))
                 	LDI  R31,HIGH(@0+(@1))
                 	.ENDM
                 
                 	.MACRO __POINTD1M
                 	LDI  R30,LOW(@0)
                 	LDI  R31,HIGH(@0)
                 	LDI  R22,BYTE3(@0)
                 	LDI  R23,BYTE4(@0)
                 	.ENDM
                 
                 	.MACRO __POINTW1FN
                 	LDI  R30,LOW(2*@0+(@1))
                 	LDI  R31,HIGH(2*@0+(@1))
                 	.ENDM
                 
                 	.MACRO __POINTD1FN
                 	LDI  R30,LOW(2*@0+(@1))
                 	LDI  R31,HIGH(2*@0+(@1))
                 	LDI  R22,BYTE3(2*@0+(@1))
                 	LDI  R23,BYTE4(2*@0+(@1))
                 	.ENDM
                 
                 	.MACRO __POINTB2MN
                 	LDI  R26,LOW(@0+(@1))
                 	.ENDM
                 
                 	.MACRO __POINTW2MN
                 	LDI  R26,LOW(@0+(@1))
                 	LDI  R27,HIGH(@0+(@1))
                 	.ENDM
                 
                 	.MACRO __POINTW2FN
                 	LDI  R26,LOW(2*@0+(@1))
                 	LDI  R27,HIGH(2*@0+(@1))
                 	.ENDM
                 
                 	.MACRO __POINTD2FN
                 	LDI  R26,LOW(2*@0+(@1))
                 	LDI  R27,HIGH(2*@0+(@1))
                 	LDI  R24,BYTE3(2*@0+(@1))
                 	LDI  R25,BYTE4(2*@0+(@1))
                 	.ENDM
                 
                 	.MACRO __POINTBRM
                 	LDI  R@0,LOW(@1)
                 	.ENDM
                 
                 	.MACRO __POINTWRM
                 	LDI  R@0,LOW(@2)
                 	LDI  R@1,HIGH(@2)
                 	.ENDM
                 
                 	.MACRO __POINTBRMN
                 	LDI  R@0,LOW(@1+(@2))
                 	.ENDM
                 
                 	.MACRO __POINTWRMN
                 	LDI  R@0,LOW(@2+(@3))
                 	LDI  R@1,HIGH(@2+(@3))
                 	.ENDM
                 
                 	.MACRO __POINTWRFN
                 	LDI  R@0,LOW(@2*2+(@3))
                 	LDI  R@1,HIGH(@2*2+(@3))
                 	.ENDM
                 
                 	.MACRO __GETD1N
                 	LDI  R30,LOW(@0)
                 	LDI  R31,HIGH(@0)
                 	LDI  R22,BYTE3(@0)
                 	LDI  R23,BYTE4(@0)
                 	.ENDM
                 
                 	.MACRO __GETD2N
                 	LDI  R26,LOW(@0)
                 	LDI  R27,HIGH(@0)
                 	LDI  R24,BYTE3(@0)
                 	LDI  R25,BYTE4(@0)
                 	.ENDM
                 
                 	.MACRO __GETB1MN
                 	LDS  R30,@0+(@1)
                 	.ENDM
                 
                 	.MACRO __GETB1HMN
                 	LDS  R31,@0+(@1)
                 	.ENDM
                 
                 	.MACRO __GETW1MN
                 	LDS  R30,@0+(@1)
                 	LDS  R31,@0+(@1)+1
                 	.ENDM
                 
                 	.MACRO __GETD1MN
                 	LDS  R30,@0+(@1)
                 	LDS  R31,@0+(@1)+1
                 	LDS  R22,@0+(@1)+2
                 	LDS  R23,@0+(@1)+3
                 	.ENDM
                 
                 	.MACRO __GETBRMN
                 	LDS  R@0,@1+(@2)
                 	.ENDM
                 
                 	.MACRO __GETWRMN
                 	LDS  R@0,@2+(@3)
                 	LDS  R@1,@2+(@3)+1
                 	.ENDM
                 
                 	.MACRO __GETWRZ
                 	LDD  R@0,Z+@2
                 	LDD  R@1,Z+@2+1
                 	.ENDM
                 
                 	.MACRO __GETD2Z
                 	LDD  R26,Z+@0
                 	LDD  R27,Z+@0+1
                 	LDD  R24,Z+@0+2
                 	LDD  R25,Z+@0+3
                 	.ENDM
                 
                 	.MACRO __GETB2MN
                 	LDS  R26,@0+(@1)
                 	.ENDM
                 
                 	.MACRO __GETW2MN
                 	LDS  R26,@0+(@1)
                 	LDS  R27,@0+(@1)+1
                 	.ENDM
                 
                 	.MACRO __GETD2MN
                 	LDS  R26,@0+(@1)
                 	LDS  R27,@0+(@1)+1
                 	LDS  R24,@0+(@1)+2
                 	LDS  R25,@0+(@1)+3
                 	.ENDM
                 
                 	.MACRO __PUTB1MN
                 	STS  @0+(@1),R30
                 	.ENDM
                 
                 	.MACRO __PUTW1MN
                 	STS  @0+(@1),R30
                 	STS  @0+(@1)+1,R31
                 	.ENDM
                 
                 	.MACRO __PUTD1MN
                 	STS  @0+(@1),R30
                 	STS  @0+(@1)+1,R31
                 	STS  @0+(@1)+2,R22
                 	STS  @0+(@1)+3,R23
                 	.ENDM
                 
                 	.MACRO __PUTB1EN
                 	LDI  R26,LOW(@0+(@1))
                 	LDI  R27,HIGH(@0+(@1))
                 	CALL __EEPROMWRB
                 	.ENDM
                 
                 	.MACRO __PUTW1EN
                 	LDI  R26,LOW(@0+(@1))
                 	LDI  R27,HIGH(@0+(@1))
                 	CALL __EEPROMWRW
                 	.ENDM
                 
                 	.MACRO __PUTD1EN
                 	LDI  R26,LOW(@0+(@1))
                 	LDI  R27,HIGH(@0+(@1))
                 	CALL __EEPROMWRD
                 	.ENDM
                 
                 	.MACRO __PUTBR0MN
                 	STS  @0+(@1),R0
                 	.ENDM
                 
                 	.MACRO __PUTBMRN
                 	STS  @0+(@1),R@2
                 	.ENDM
                 
                 	.MACRO __PUTWMRN
                 	STS  @0+(@1),R@2
                 	STS  @0+(@1)+1,R@3
                 	.ENDM
                 
                 	.MACRO __PUTBZR
                 	STD  Z+@1,R@0
                 	.ENDM
                 
                 	.MACRO __PUTWZR
                 	STD  Z+@2,R@0
                 	STD  Z+@2+1,R@1
                 	.ENDM
                 
                 	.MACRO __GETW1R
                 	MOV  R30,R@0
                 	MOV  R31,R@1
                 	.ENDM
                 
                 	.MACRO __GETW2R
                 	MOV  R26,R@0
                 	MOV  R27,R@1
                 	.ENDM
                 
                 	.MACRO __GETWRN
                 	LDI  R@0,LOW(@2)
                 	LDI  R@1,HIGH(@2)
                 	.ENDM
                 
                 	.MACRO __PUTW1R
                 	MOV  R@0,R30
                 	MOV  R@1,R31
                 	.ENDM
                 
                 	.MACRO __PUTW2R
                 	MOV  R@0,R26
                 	MOV  R@1,R27
                 	.ENDM
                 
                 	.MACRO __ADDWRN
                 	SUBI R@0,LOW(-@2)
                 	SBCI R@1,HIGH(-@2)
                 	.ENDM
                 
                 	.MACRO __ADDWRR
                 	ADD  R@0,R@2
                 	ADC  R@1,R@3
                 	.ENDM
                 
                 	.MACRO __SUBWRN
                 	SUBI R@0,LOW(@2)
                 	SBCI R@1,HIGH(@2)
                 	.ENDM
                 
                 	.MACRO __SUBWRR
                 	SUB  R@0,R@2
                 	SBC  R@1,R@3
                 	.ENDM
                 
                 	.MACRO __ANDWRN
                 	ANDI R@0,LOW(@2)
                 	ANDI R@1,HIGH(@2)
                 	.ENDM
                 
                 	.MACRO __ANDWRR
                 	AND  R@0,R@2
                 	AND  R@1,R@3
                 	.ENDM
                 
                 	.MACRO __ORWRN
                 	ORI  R@0,LOW(@2)
                 	ORI  R@1,HIGH(@2)
                 	.ENDM
                 
                 	.MACRO __ORWRR
                 	OR   R@0,R@2
                 	OR   R@1,R@3
                 	.ENDM
                 
                 	.MACRO __EORWRR
                 	EOR  R@0,R@2
                 	EOR  R@1,R@3
                 	.ENDM
                 
                 	.MACRO __GETWRS
                 	LDD  R@0,Y+@2
                 	LDD  R@1,Y+@2+1
                 	.ENDM
                 
                 	.MACRO __PUTBSR
                 	STD  Y+@1,R@0
                 	.ENDM
                 
                 	.MACRO __PUTWSR
                 	STD  Y+@2,R@0
                 	STD  Y+@2+1,R@1
                 	.ENDM
                 
                 	.MACRO __MOVEWRR
                 	MOV  R@0,R@2
                 	MOV  R@1,R@3
                 	.ENDM
                 
                 	.MACRO __INWR
                 	IN   R@0,@2
                 	IN   R@1,@2+1
                 	.ENDM
                 
                 	.MACRO __OUTWR
                 	OUT  @2+1,R@1
                 	OUT  @2,R@0
                 	.ENDM
                 
                 	.MACRO __CALL1MN
                 	LDS  R30,@0+(@1)
                 	LDS  R31,@0+(@1)+1
                 	ICALL
                 	.ENDM
                 
                 	.MACRO __CALL1FN
                 	LDI  R30,LOW(2*@0+(@1))
                 	LDI  R31,HIGH(2*@0+(@1))
                 	CALL __GETW1PF
                 	ICALL
                 	.ENDM
                 
                 	.MACRO __CALL2EN
                 	PUSH R26
                 	PUSH R27
                 	LDI  R26,LOW(@0+(@1))
                 	LDI  R27,HIGH(@0+(@1))
                 	CALL __EEPROMRDW
                 	POP  R27
                 	POP  R26
                 	ICALL
                 	.ENDM
                 
                 	.MACRO __CALL2EX
                 	SUBI R26,LOW(-@0)
                 	SBCI R27,HIGH(-@0)
                 	CALL __EEPROMRDD
                 	ICALL
                 	.ENDM
                 
                 	.MACRO __GETW1STACK
                 	IN   R30,SPL
                 	IN   R31,SPH
                 	ADIW R30,@0+1
                 	LD   R0,Z+
                 	LD   R31,Z
                 	MOV  R30,R0
                 	.ENDM
                 
                 	.MACRO __GETD1STACK
                 	IN   R30,SPL
                 	IN   R31,SPH
                 	ADIW R30,@0+1
                 	LD   R0,Z+
                 	LD   R1,Z+
                 	LD   R22,Z
                 	MOVW R30,R0
                 	.ENDM
                 
                 	.MACRO __NBST
                 	BST  R@0,@1
                 	IN   R30,SREG
                 	LDI  R31,0x40
                 	EOR  R30,R31
                 	OUT  SREG,R30
                 	.ENDM
                 
                 
                 	.MACRO __PUTB1SN
                 	LDD  R26,Y+@0
                 	LDD  R27,Y+@0+1
                 	SUBI R26,LOW(-@1)
                 	SBCI R27,HIGH(-@1)
                 	ST   X,R30
                 	.ENDM
                 
                 	.MACRO __PUTW1SN
                 	LDD  R26,Y+@0
                 	LDD  R27,Y+@0+1
                 	SUBI R26,LOW(-@1)
                 	SBCI R27,HIGH(-@1)
                 	ST   X+,R30
                 	ST   X,R31
                 	.ENDM
                 
                 	.MACRO __PUTD1SN
                 	LDD  R26,Y+@0
                 	LDD  R27,Y+@0+1
                 	SUBI R26,LOW(-@1)
                 	SBCI R27,HIGH(-@1)
                 	CALL __PUTDP1
                 	.ENDM
                 
                 	.MACRO __PUTB1SNS
                 	LDD  R26,Y+@0
                 	LDD  R27,Y+@0+1
                 	ADIW R26,@1
                 	ST   X,R30
                 	.ENDM
                 
                 	.MACRO __PUTW1SNS
                 	LDD  R26,Y+@0
                 	LDD  R27,Y+@0+1
                 	ADIW R26,@1
                 	ST   X+,R30
                 	ST   X,R31
                 	.ENDM
                 
                 	.MACRO __PUTD1SNS
                 	LDD  R26,Y+@0
                 	LDD  R27,Y+@0+1
                 	ADIW R26,@1
                 	CALL __PUTDP1
                 	.ENDM
                 
                 	.MACRO __PUTB1PMN
                 	LDS  R26,@0
                 	LDS  R27,@0+1
                 	SUBI R26,LOW(-@1)
                 	SBCI R27,HIGH(-@1)
                 	ST   X,R30
                 	.ENDM
                 
                 	.MACRO __PUTW1PMN
                 	LDS  R26,@0
                 	LDS  R27,@0+1
                 	SUBI R26,LOW(-@1)
                 	SBCI R27,HIGH(-@1)
                 	ST   X+,R30
                 	ST   X,R31
                 	.ENDM
                 
                 	.MACRO __PUTD1PMN
                 	LDS  R26,@0
                 	LDS  R27,@0+1
                 	SUBI R26,LOW(-@1)
                 	SBCI R27,HIGH(-@1)
                 	CALL __PUTDP1
                 	.ENDM
                 
                 	.MACRO __PUTB1PMNS
                 	LDS  R26,@0
                 	LDS  R27,@0+1
                 	ADIW R26,@1
                 	ST   X,R30
                 	.ENDM
                 
                 	.MACRO __PUTW1PMNS
                 	LDS  R26,@0
                 	LDS  R27,@0+1
                 	ADIW R26,@1
                 	ST   X+,R30
                 	ST   X,R31
                 	.ENDM
                 
                 	.MACRO __PUTD1PMNS
                 	LDS  R26,@0
                 	LDS  R27,@0+1
                 	ADIW R26,@1
                 	CALL __PUTDP1
                 	.ENDM
                 
                 	.MACRO __PUTB1RN
                 	MOVW R26,R@0
                 	SUBI R26,LOW(-@1)
                 	SBCI R27,HIGH(-@1)
                 	ST   X,R30
                 	.ENDM
                 
                 	.MACRO __PUTW1RN
                 	MOVW R26,R@0
                 	SUBI R26,LOW(-@1)
                 	SBCI R27,HIGH(-@1)
                 	ST   X+,R30
                 	ST   X,R31
                 	.ENDM
                 
                 	.MACRO __PUTD1RN
                 	MOVW R26,R@0
                 	SUBI R26,LOW(-@1)
                 	SBCI R27,HIGH(-@1)
                 	CALL __PUTDP1
                 	.ENDM
                 
                 	.MACRO __PUTB1RNS
                 	MOVW R26,R@0
                 	ADIW R26,@1
                 	ST   X,R30
                 	.ENDM
                 
                 	.MACRO __PUTW1RNS
                 	MOVW R26,R@0
                 	ADIW R26,@1
                 	ST   X+,R30
                 	ST   X,R31
                 	.ENDM
                 
                 	.MACRO __PUTD1RNS
                 	MOVW R26,R@0
                 	ADIW R26,@1
                 	CALL __PUTDP1
                 	.ENDM
                 
                 	.MACRO __PUTB1RON
                 	MOV  R26,R@0
                 	MOV  R27,R@1
                 	SUBI R26,LOW(-@2)
                 	SBCI R27,HIGH(-@2)
                 	ST   X,R30
                 	.ENDM
                 
                 	.MACRO __PUTW1RON
                 	MOV  R26,R@0
                 	MOV  R27,R@1
                 	SUBI R26,LOW(-@2)
                 	SBCI R27,HIGH(-@2)
                 	ST   X+,R30
                 	ST   X,R31
                 	.ENDM
                 
                 	.MACRO __PUTD1RON
                 	MOV  R26,R@0
                 	MOV  R27,R@1
                 	SUBI R26,LOW(-@2)
                 	SBCI R27,HIGH(-@2)
                 	CALL __PUTDP1
                 	.ENDM
                 
                 	.MACRO __PUTB1RONS
                 	MOV  R26,R@0
                 	MOV  R27,R@1
                 	ADIW R26,@2
                 	ST   X,R30
                 	.ENDM
                 
                 	.MACRO __PUTW1RONS
                 	MOV  R26,R@0
                 	MOV  R27,R@1
                 	ADIW R26,@2
                 	ST   X+,R30
                 	ST   X,R31
                 	.ENDM
                 
                 	.MACRO __PUTD1RONS
                 	MOV  R26,R@0
                 	MOV  R27,R@1
                 	ADIW R26,@2
                 	CALL __PUTDP1
                 	.ENDM
                 
                 
                 	.MACRO __GETB1SX
                 	MOVW R30,R28
                 	SUBI R30,LOW(-@0)
                 	SBCI R31,HIGH(-@0)
                 	LD   R30,Z
                 	.ENDM
                 
                 	.MACRO __GETB1HSX
                 	MOVW R30,R28
                 	SUBI R30,LOW(-@0)
                 	SBCI R31,HIGH(-@0)
                 	LD   R31,Z
                 	.ENDM
                 
                 	.MACRO __GETW1SX
                 	MOVW R30,R28
                 	SUBI R30,LOW(-@0)
                 	SBCI R31,HIGH(-@0)
                 	LD   R0,Z+
                 	LD   R31,Z
                 	MOV  R30,R0
                 	.ENDM
                 
                 	.MACRO __GETD1SX
                 	MOVW R30,R28
                 	SUBI R30,LOW(-@0)
                 	SBCI R31,HIGH(-@0)
                 	LD   R0,Z+
                 	LD   R1,Z+
                 	LD   R22,Z+
                 	LD   R23,Z
                 	MOVW R30,R0
                 	.ENDM
                 
                 	.MACRO __GETB2SX
                 	MOVW R26,R28
                 	SUBI R26,LOW(-@0)
                 	SBCI R27,HIGH(-@0)
                 	LD   R26,X
                 	.ENDM
                 
                 	.MACRO __GETW2SX
                 	MOVW R26,R28
                 	SUBI R26,LOW(-@0)
                 	SBCI R27,HIGH(-@0)
                 	LD   R0,X+
                 	LD   R27,X
                 	MOV  R26,R0
                 	.ENDM
                 
                 	.MACRO __GETD2SX
                 	MOVW R26,R28
                 	SUBI R26,LOW(-@0)
                 	SBCI R27,HIGH(-@0)
                 	LD   R0,X+
                 	LD   R1,X+
                 	LD   R24,X+
                 	LD   R25,X
                 	MOVW R26,R0
                 	.ENDM
                 
                 	.MACRO __GETBRSX
                 	MOVW R30,R28
                 	SUBI R30,LOW(-@1)
                 	SBCI R31,HIGH(-@1)
                 	LD   R@0,Z
                 	.ENDM
                 
                 	.MACRO __GETWRSX
                 	MOVW R30,R28
                 	SUBI R30,LOW(-@2)
                 	SBCI R31,HIGH(-@2)
                 	LD   R@0,Z+
                 	LD   R@1,Z
                 	.ENDM
                 
                 	.MACRO __GETBRSX2
                 	MOVW R26,R28
                 	SUBI R26,LOW(-@1)
                 	SBCI R27,HIGH(-@1)
                 	LD   R@0,X
                 	.ENDM
                 
                 	.MACRO __GETWRSX2
                 	MOVW R26,R28
                 	SUBI R26,LOW(-@2)
                 	SBCI R27,HIGH(-@2)
                 	LD   R@0,X+
                 	LD   R@1,X
                 	.ENDM
                 
                 	.MACRO __LSLW8SX
                 	MOVW R30,R28
                 	SUBI R30,LOW(-@0)
                 	SBCI R31,HIGH(-@0)
                 	LD   R31,Z
                 	CLR  R30
                 	.ENDM
                 
                 	.MACRO __PUTB1SX
                 	MOVW R26,R28
                 	SUBI R26,LOW(-@0)
                 	SBCI R27,HIGH(-@0)
                 	ST   X,R30
                 	.ENDM
                 
                 	.MACRO __PUTW1SX
                 	MOVW R26,R28
                 	SUBI R26,LOW(-@0)
                 	SBCI R27,HIGH(-@0)
                 	ST   X+,R30
                 	ST   X,R31
                 	.ENDM
                 
                 	.MACRO __PUTD1SX
                 	MOVW R26,R28
                 	SUBI R26,LOW(-@0)
                 	SBCI R27,HIGH(-@0)
                 	ST   X+,R30
                 	ST   X+,R31
                 	ST   X+,R22
                 	ST   X,R23
                 	.ENDM
                 
                 	.MACRO __CLRW1SX
                 	MOVW R26,R28
                 	SUBI R26,LOW(-@0)
                 	SBCI R27,HIGH(-@0)
                 	ST   X+,R30
                 	ST   X,R30
                 	.ENDM
                 
                 	.MACRO __CLRD1SX
                 	MOVW R26,R28
                 	SUBI R26,LOW(-@0)
                 	SBCI R27,HIGH(-@0)
                 	ST   X+,R30
                 	ST   X+,R30
                 	ST   X+,R30
                 	ST   X,R30
                 	.ENDM
                 
                 	.MACRO __PUTB2SX
                 	MOVW R30,R28
                 	SUBI R30,LOW(-@0)
                 	SBCI R31,HIGH(-@0)
                 	ST   Z,R26
                 	.ENDM
                 
                 	.MACRO __PUTW2SX
                 	MOVW R30,R28
                 	SUBI R30,LOW(-@0)
                 	SBCI R31,HIGH(-@0)
                 	ST   Z+,R26
                 	ST   Z,R27
                 	.ENDM
                 
                 	.MACRO __PUTD2SX
                 	MOVW R30,R28
                 	SUBI R30,LOW(-@0)
                 	SBCI R31,HIGH(-@0)
                 	ST   Z+,R26
                 	ST   Z+,R27
                 	ST   Z+,R24
                 	ST   Z,R25
                 	.ENDM
                 
                 	.MACRO __PUTBSRX
                 	MOVW R30,R28
                 	SUBI R30,LOW(-@1)
                 	SBCI R31,HIGH(-@1)
                 	ST   Z,R@0
                 	.ENDM
                 
                 	.MACRO __PUTWSRX
                 	MOVW R30,R28
                 	SUBI R30,LOW(-@2)
                 	SBCI R31,HIGH(-@2)
                 	ST   Z+,R@0
                 	ST   Z,R@1
                 	.ENDM
                 
                 	.MACRO __PUTB1SNX
                 	MOVW R26,R28
                 	SUBI R26,LOW(-@0)
                 	SBCI R27,HIGH(-@0)
                 	LD   R0,X+
                 	LD   R27,X
                 	MOV  R26,R0
                 	SUBI R26,LOW(-@1)
                 	SBCI R27,HIGH(-@1)
                 	ST   X,R30
                 	.ENDM
                 
                 	.MACRO __PUTW1SNX
                 	MOVW R26,R28
                 	SUBI R26,LOW(-@0)
                 	SBCI R27,HIGH(-@0)
                 	LD   R0,X+
                 	LD   R27,X
                 	MOV  R26,R0
                 	SUBI R26,LOW(-@1)
                 	SBCI R27,HIGH(-@1)
                 	ST   X+,R30
                 	ST   X,R31
                 	.ENDM
                 
                 	.MACRO __PUTD1SNX
                 	MOVW R26,R28
                 	SUBI R26,LOW(-@0)
                 	SBCI R27,HIGH(-@0)
                 	LD   R0,X+
                 	LD   R27,X
                 	MOV  R26,R0
                 	SUBI R26,LOW(-@1)
                 	SBCI R27,HIGH(-@1)
                 	ST   X+,R30
                 	ST   X+,R31
                 	ST   X+,R22
                 	ST   X,R23
                 	.ENDM
                 
                 	.MACRO __MULBRR
                 	MULS R@0,R@1
                 	MOVW R30,R0
                 	.ENDM
                 
                 	.MACRO __MULBRRU
                 	MUL  R@0,R@1
                 	MOVW R30,R0
                 	.ENDM
                 
                 	.MACRO __MULBRR0
                 	MULS R@0,R@1
                 	.ENDM
                 
                 	.MACRO __MULBRRU0
                 	MUL  R@0,R@1
                 	.ENDM
                 
                 	.MACRO __MULBNWRU
                 	LDI  R26,@2
                 	MUL  R26,R@0
                 	MOVW R30,R0
                 	MUL  R26,R@1
                 	ADD  R31,R0
                 	.ENDM
                 
                 ;NAME DEFINITIONS FOR GLOBAL VARIABLES ALLOCATED TO REGISTERS
                 	.DEF _red_timer=R4
                 	.DEF _red_timer_msb=R5
                 	.DEF _green_timer=R6
                 	.DEF _green_timer_msb=R7
                 	.DEF _i=R8
                 	.DEF _i_msb=R9
                 	.DEF _input=R10
                 	.DEF _input_msb=R11
                 	.DEF _delay_time=R12
                 	.DEF _delay_time_msb=R13
                 
                 	.CSEG
                 	.ORG 0x00
                 
                 ;START OF CODE MARKER
                 __START_OF_CODE:
                 
                 ;INTERRUPT VECTORS
000000 940c 00bd 	JMP  __RESET
000002 940c 0162 	JMP  _ext_int0_isr
000004 940c 0180 	JMP  _ext_int1_isr
000006 940c 0000 	JMP  0x00
000008 940c 0000 	JMP  0x00
00000a 940c 0000 	JMP  0x00
00000c 940c 0000 	JMP  0x00
00000e 940c 0000 	JMP  0x00
000010 940c 0000 	JMP  0x00
000012 940c 0000 	JMP  0x00
000014 940c 0000 	JMP  0x00
000016 940c 0000 	JMP  0x00
000018 940c 0000 	JMP  0x00
00001a 940c 0000 	JMP  0x00
00001c 940c 0000 	JMP  0x00
00001e 940c 0000 	JMP  0x00
000020 940c 0000 	JMP  0x00
000022 940c 0000 	JMP  0x00
000024 940c 0000 	JMP  0x00
000026 940c 0000 	JMP  0x00
000028 940c 0000 	JMP  0x00
00002a 940c 0000 	JMP  0x00
00002c 940c 0000 	JMP  0x00
00002e 940c 0000 	JMP  0x00
000030 940c 0000 	JMP  0x00
000032 940c 0000 	JMP  0x00
000034 940c 0000 	JMP  0x00
000036 940c 0000 	JMP  0x00
000038 940c 0000 	JMP  0x00
00003a 940c 0000 	JMP  0x00
00003c 940c 0000 	JMP  0x00
00003e 940c 0000 	JMP  0x00
000040 940c 0000 	JMP  0x00
000042 940c 0000 	JMP  0x00
000044 940c 0000 	JMP  0x00
                 
                 _tbl10_G101:
000046 2710
000047 03e8
000048 0064
000049 000a      	.DB  0x10,0x27,0xE8,0x3,0x64,0x0,0xA,0x0
00004a 0001      	.DB  0x1,0x0
                 _tbl16_G101:
00004b 1000
00004c 0100
00004d 0010
00004e 0001      	.DB  0x0,0x10,0x0,0x1,0x10,0x0,0x1,0x0
                 
                 ;GLOBAL REGISTER VARIABLES INITIALIZATION
                 __REG_VARS:
00004f 0005
000050 0005      	.DB  0x5,0x0,0x5,0x0
000051 0000
000052 0000      	.DB  0x0,0x0,0x0,0x0
000053 0064      	.DB  0x64,0x0
                 
                 _0x3:
000054 4ffe
000055 3012
000056 2468
000057 7104      	.DB  0xFE,0x4F,0x12,0x30,0x68,0x24,0x4,0x71
000058 2000      	.DB  0x0,0x20
                 _0x0:
000059 6f43
00005a 746e
00005b 6f72
00005c 206c      	.DB  0x43,0x6F,0x6E,0x74,0x72,0x6F,0x6C,0x20
00005d 6f42
00005e 0078
00005f 6573
000060 2074      	.DB  0x42,0x6F,0x78,0x0,0x73,0x65,0x74,0x20
000061 2020
000062 2020
000063 2020
000064 2020      	.DB  0x20,0x20,0x20,0x20,0x20,0x20,0x20,0x20
000065 2020
000066 2020
000067 7320
000068 7465      	.DB  0x20,0x20,0x20,0x20,0x20,0x73,0x65,0x74
000069 6700
00006a 6572
00006b 6e65
00006c 2020      	.DB  0x0,0x67,0x72,0x65,0x65,0x6E,0x20,0x20
00006d 2020
00006e 2020
00006f 2020
000070 2020      	.DB  0x20,0x20,0x20,0x20,0x20,0x20,0x20,0x20
000071 2020
000072 6572
000073 0064
000074 6e45      	.DB  0x20,0x20,0x72,0x65,0x64,0x0,0x45,0x6E
000075 6574
000076 2072
000077 2061
000078 756e      	.DB  0x74,0x65,0x72,0x20,0x61,0x20,0x6E,0x75
000079 626d
00007a 7265
00007b 3128
00007c 392d      	.DB  0x6D,0x62,0x65,0x72,0x28,0x31,0x2D,0x39
00007d 0029
00007e 6f66
00007f 2072
000080 6572      	.DB  0x29,0x0,0x66,0x6F,0x72,0x20,0x72,0x65
000081 2064
000082 6974
000083 656d
000084 0072      	.DB  0x64,0x20,0x74,0x69,0x6D,0x65,0x72,0x0
000085 6572
000086 2064
000087 6974
000088 656d      	.DB  0x72,0x65,0x64,0x20,0x74,0x69,0x6D,0x65
000089 2072
00008a 7369
00008b 7320
00008c 7465      	.DB  0x72,0x20,0x69,0x73,0x20,0x73,0x65,0x74
00008d 6600
00008e 726f
00008f 2520
000090 7375      	.DB  0x0,0x66,0x6F,0x72,0x20,0x25,0x75,0x73
000091 6600
000092 726f
000093 6720
000094 6572      	.DB  0x0,0x66,0x6F,0x72,0x20,0x67,0x72,0x65
000095 6e65
000096 7420
000097 6d69
000098 7265      	.DB  0x65,0x6E,0x20,0x74,0x69,0x6D,0x65,0x72
000099 6700
00009a 6572
00009b 6e65
00009c 7420      	.DB  0x0,0x67,0x72,0x65,0x65,0x6E,0x20,0x74
00009d 6d69
00009e 7265
00009f 6920
0000a0 2073      	.DB  0x69,0x6D,0x65,0x72,0x20,0x69,0x73,0x20
0000a1 6573
0000a2 0074      	.DB  0x73,0x65,0x74,0x0
                 _0x2000060:
C:\Users\Niloofar\Desktop\az riz\project\traffic_light\code\Debug\List\source.asm(1179): warning: .cseg .db misalignment - padding zero byte
0000a3 0001      	.DB  0x1
                 _0x2000000:
0000a4 4e2d
0000a5 4e41
0000a6 4900
0000a7 464e      	.DB  0x2D,0x4E,0x41,0x4E,0x0,0x49,0x4E,0x46
C:\Users\Niloofar\Desktop\az riz\project\traffic_light\code\Debug\List\source.asm(1182): warning: .cseg .db misalignment - padding zero byte
0000a8 0000      	.DB  0x0
                 _0x2040003:
0000a9 c080      	.DB  0x80,0xC0
                 
                 __GLOBAL_INI_TBL:
0000aa 000a      	.DW  0x0A
0000ab 0004      	.DW  0x04
0000ac 009e      	.DW  __REG_VARS*2
                 
0000ad 000a      	.DW  0x0A
0000ae 0524      	.DW  _digit
0000af 00a8      	.DW  _0x3*2
                 
0000b0 0011      	.DW  0x11
0000b1 0500      	.DW  _0x35
0000b2 010a      	.DW  _0x0*2+88
                 
0000b3 0013      	.DW  0x13
0000b4 0511      	.DW  _0x3A
0000b5 0133      	.DW  _0x0*2+129
                 
0000b6 0001      	.DW  0x01
0000b7 0542      	.DW  __seed_G100
0000b8 0146      	.DW  _0x2000060*2
                 
0000b9 0002      	.DW  0x02
0000ba 0546      	.DW  __base_y_G102
0000bb 0152      	.DW  _0x2040003*2
                 
                 _0xFFFFFFFF:
0000bc 0000      	.DW  0
                 
                 #define __GLOBAL_INI_TBL_PRESENT 1
                 
                 __RESET:
0000bd 94f8      	CLI
0000be 27ee      	CLR  R30
0000bf bbec      	OUT  EECR,R30
                 
                 ;INTERRUPT VECTORS ARE PLACED
                 ;AT THE START OF FLASH
0000c0 e0f1      	LDI  R31,1
0000c1 bff5      	OUT  MCUCR,R31
0000c2 bfe5      	OUT  MCUCR,R30
0000c3 93e0 006c 	STS  XMCRB,R30
                 
                 ;CLEAR R2-R14
0000c5 e08d      	LDI  R24,(14-2)+1
0000c6 e0a2      	LDI  R26,2
0000c7 27bb      	CLR  R27
                 __CLEAR_REG:
0000c8 93ed      	ST   X+,R30
0000c9 958a      	DEC  R24
0000ca f7e9      	BRNE __CLEAR_REG
                 
                 ;CLEAR SRAM
0000cb e080      	LDI  R24,LOW(__CLEAR_SRAM_SIZE)
0000cc e190      	LDI  R25,HIGH(__CLEAR_SRAM_SIZE)
0000cd e0a0      	LDI  R26,LOW(__SRAM_START)
0000ce e0b1      	LDI  R27,HIGH(__SRAM_START)
                 __CLEAR_SRAM:
0000cf 93ed      	ST   X+,R30
0000d0 9701      	SBIW R24,1
0000d1 f7e9      	BRNE __CLEAR_SRAM
                 
                 ;GLOBAL VARIABLES INITIALIZATION
0000d2 e5e4      	LDI  R30,LOW(__GLOBAL_INI_TBL*2)
0000d3 e0f1      	LDI  R31,HIGH(__GLOBAL_INI_TBL*2)
                 __GLOBAL_INI_NEXT:
0000d4 9185      	LPM  R24,Z+
0000d5 9195      	LPM  R25,Z+
0000d6 9700      	SBIW R24,0
0000d7 f061      	BREQ __GLOBAL_INI_END
0000d8 91a5      	LPM  R26,Z+
0000d9 91b5      	LPM  R27,Z+
0000da 9005      	LPM  R0,Z+
0000db 9015      	LPM  R1,Z+
0000dc 01bf      	MOVW R22,R30
0000dd 01f0      	MOVW R30,R0
                 __GLOBAL_INI_LOOP:
0000de 9005      	LPM  R0,Z+
0000df 920d      	ST   X+,R0
0000e0 9701      	SBIW R24,1
0000e1 f7e1      	BRNE __GLOBAL_INI_LOOP
0000e2 01fb      	MOVW R30,R22
0000e3 cff0      	RJMP __GLOBAL_INI_NEXT
                 __GLOBAL_INI_END:
                 
                 ;HARDWARE STACK POINTER INITIALIZATION
0000e4 efef      	LDI  R30,LOW(__SRAM_END-__HEAP_SIZE)
0000e5 bfed      	OUT  SPL,R30
0000e6 e1e0      	LDI  R30,HIGH(__SRAM_END-__HEAP_SIZE)
0000e7 bfee      	OUT  SPH,R30
                 
                 ;DATA STACK POINTER INITIALIZATION
0000e8 e0c0      	LDI  R28,LOW(__SRAM_START+__DSTACK_SIZE)
0000e9 e0d5      	LDI  R29,HIGH(__SRAM_START+__DSTACK_SIZE)
                 
0000ea 940c 01cb 	JMP  _main
                 
                 	.ESEG
                 	.ORG 0
                 
                 	.DSEG
                 	.ORG 0x500
                 
                 	.CSEG
                 ;/*******************************************************
                 ;This program was created by the
                 ;CodeWizardAVR V3.12 Advanced
                 ;Automatic Program Generator
                 ;© Copyright 1998-2014 Pavel Haiduc, HP InfoTech s.r.l.
                 ;http://www.hpinfotech.com
                 ;
                 ;Project :
                 ;Version :
                 ;Date    : 7/6/2020
                 ;Author  :
                 ;Company :
                 ;Comments:
                 ;
                 ;
                 ;Chip type               : ATmega64
                 ;Program type            : Application
                 ;AVR Core Clock frequency: 16.000000 MHz
                 ;Memory model            : Small
                 ;External RAM size       : 0
                 ;Data Stack size         : 1024
                 ;*******************************************************/
                 ;
                 ;#include <mega64.h>
                 	#ifndef __SLEEP_DEFINED__
                 	#define __SLEEP_DEFINED__
                 	.EQU __se_bit=0x20
                 	.EQU __sm_mask=0x1C
                 	.EQU __sm_powerdown=0x10
                 	.EQU __sm_powersave=0x18
                 	.EQU __sm_standby=0x14
                 	.EQU __sm_ext_standby=0x1C
                 	.EQU __sm_adc_noise_red=0x08
                 	.SET power_ctrl_reg=mcucr
                 	#endif
                 ;#include <stdlib.h>
                 ;#include <delay.h>
                 ;#include <stdio.h>
                 ;
                 ;// Alphanumeric LCD functions
                 ;#include <alcd.h>
                 ;
                 ;
                 ;// Declare your global variables here
                 ;unsigned char digit[] =
                 ;{
                 ;   0xfe,  //0
                 ;   0x4f,  //1
                 ;   0x12,  //2
                 ;   0x30,  //3
                 ;   0x68,  //4
                 ;   0x24,  //5
                 ;   0x04,  //6
                 ;   0x71,  //7
                 ;   0x00,  //8
                 ;   0x20   //9
                 ;};
                 
                 	.DSEG
                 ;
                 ;int red_timer = 5;
                 ;int green_timer = 5;
                 ;int i ,input;
                 ;int delay_time = 100;
                 ;char str[20];
                 ;
                 ;void green(){
                 ; 0000 0036 void green(){
                 
                 	.CSEG
                 _green:
                 ; .FSTART _green
                 ; 0000 0037      PORTB.2 = 1;
0000ec 9ac2      	SBI  0x18,2
                 ; 0000 0038      for (i= green_timer ; i>0 ;i--){
0000ed 0143      	MOVW R8,R6
                 _0x7:
0000ee 2400      	CLR  R0
0000ef 1408      	CP   R0,R8
0000f0 0409      	CPC  R0,R9
0000f1 f434      	BRGE _0x8
                 ; 0000 0039         PORTA = digit[i];
0000f2 940e 045c 	CALL SUBOPT_0x0
                 ; 0000 003A         delay_ms(delay_time);
                 ; 0000 003B      }
0000f4 01f4      	MOVW R30,R8
0000f5 9731      	SBIW R30,1
0000f6 014f      	MOVW R8,R30
0000f7 cff6      	RJMP _0x7
                 _0x8:
                 ; 0000 003C      PORTB.2 = 0;
0000f8 98c2      	CBI  0x18,2
                 ; 0000 003D }
0000f9 9508      	RET
                 ; .FEND
                 ;void red(){
                 ; 0000 003E void red(){
                 _red:
                 ; .FSTART _red
                 ; 0000 003F     PORTB.0 = 1;
0000fa 9ac0      	SBI  0x18,0
                 ; 0000 0040     for (i= red_timer; i>0 ;i--){
0000fb 0142      	MOVW R8,R4
                 _0xE:
0000fc 2400      	CLR  R0
0000fd 1408      	CP   R0,R8
0000fe 0409      	CPC  R0,R9
0000ff f434      	BRGE _0xF
                 ; 0000 0041         PORTA = digit[i];
000100 940e 045c 	CALL SUBOPT_0x0
                 ; 0000 0042         delay_ms(delay_time);
                 ; 0000 0043     }
000102 01f4      	MOVW R30,R8
000103 9731      	SBIW R30,1
000104 014f      	MOVW R8,R30
000105 cff6      	RJMP _0xE
                 _0xF:
                 ; 0000 0044     PORTB.0=0;
000106 98c0      	CBI  0x18,0
                 ; 0000 0045 }
000107 9508      	RET
                 ; .FEND
                 ;
                 ;void yellow(){
                 ; 0000 0047 void yellow(){
                 _yellow:
                 ; .FSTART _yellow
                 ; 0000 0048     PORTB.1 = 1;
000108 9ac1      	SBI  0x18,1
                 ; 0000 0049     PORTA = digit[0];
000109 91e0 0524 	LDS  R30,_digit
00010b bbeb      	OUT  0x1B,R30
                 ; 0000 004A     delay_ms(delay_time);
00010c 01d6      	MOVW R26,R12
00010d 940e 04c5 	CALL _delay_ms
                 ; 0000 004B     PORTB.1 = 0;
00010f 98c1      	CBI  0x18,1
                 ; 0000 004C }
000110 9508      	RET
                 ; .FEND
                 ;
                 ;void set_lcd(){
                 ; 0000 004E void set_lcd(){
                 _set_lcd:
                 ; .FSTART _set_lcd
                 ; 0000 004F     lcd_clear();
000111 940e 03c4 	CALL _lcd_clear
                 ; 0000 0050     lcd_gotoxy(4 , 0); // start writing in 4th column and 2th row
000113 e0e4      	LDI  R30,LOW(4)
000114 940e 0465 	CALL SUBOPT_0x1
                 ; 0000 0051     lcd_putsf("Control Box");
                +
000116 eba2     +LDI R26 , LOW ( 2 * _0x0 + ( 0 ) )
000117 e0b0     +LDI R27 , HIGH ( 2 * _0x0 + ( 0 ) )
                 	__POINTW2FN _0x0,0
000118 940e 0469 	CALL SUBOPT_0x2
                 ; 0000 0052     lcd_gotoxy(0 , 2);
00011a e0a2      	LDI  R26,LOW(2)
00011b 940e 03b3 	CALL _lcd_gotoxy
                 ; 0000 0053     lcd_putsf("set              set");
                +
00011d ebae     +LDI R26 , LOW ( 2 * _0x0 + ( 12 ) )
00011e e0b0     +LDI R27 , HIGH ( 2 * _0x0 + ( 12 ) )
                 	__POINTW2FN _0x0,12
00011f 940e 0469 	CALL SUBOPT_0x2
                 ; 0000 0054     lcd_gotoxy(0 , 3);
000121 e0a3      	LDI  R26,LOW(3)
000122 940e 03b3 	CALL _lcd_gotoxy
                 ; 0000 0055     lcd_putsf("green            red");
                +
000124 eda3     +LDI R26 , LOW ( 2 * _0x0 + ( 33 ) )
000125 e0b0     +LDI R27 , HIGH ( 2 * _0x0 + ( 33 ) )
                 	__POINTW2FN _0x0,33
000126 940e 0401 	CALL _lcd_putsf
                 ; 0000 0056 }
000128 9508      	RET
                 ; .FEND
                 ;
                 ;int pressed_key()
                 ; 0000 0059 {
                 _pressed_key:
                 ; .FSTART _pressed_key
                 ; 0000 005A     PORTD.2 = 0;PORTD.3 = 1;PORTD.4 = 1;
000129 9892      	CBI  0x12,2
00012a 9a93      	SBI  0x12,3
00012b 9a94      	SBI  0x12,4
                 ; 0000 005B     if(!PIND.5) return 1;
00012c 9985      	SBIC 0x10,5
00012d c003      	RJMP _0x1C
00012e e0e1      	LDI  R30,LOW(1)
00012f e0f0      	LDI  R31,HIGH(1)
000130 9508      	RET
                 ; 0000 005C     if(!PIND.6) return 4;
                 _0x1C:
000131 9986      	SBIC 0x10,6
000132 c003      	RJMP _0x1D
000133 e0e4      	LDI  R30,LOW(4)
000134 e0f0      	LDI  R31,HIGH(4)
000135 9508      	RET
                 ; 0000 005D     if(!PIND.7) return 7;
                 _0x1D:
000136 9987      	SBIC 0x10,7
000137 c003      	RJMP _0x1E
000138 e0e7      	LDI  R30,LOW(7)
000139 e0f0      	LDI  R31,HIGH(7)
00013a 9508      	RET
                 ; 0000 005E 
                 ; 0000 005F     PORTD.2=1; PORTD.3=0; PORTD.4=1;
                 _0x1E:
00013b 9a92      	SBI  0x12,2
00013c 9893      	CBI  0x12,3
00013d 9a94      	SBI  0x12,4
                 ; 0000 0060     if(!PIND.5) return 2;
00013e 9985      	SBIC 0x10,5
00013f c003      	RJMP _0x25
000140 e0e2      	LDI  R30,LOW(2)
000141 e0f0      	LDI  R31,HIGH(2)
000142 9508      	RET
                 ; 0000 0061     if(!PIND.6) return 5;
                 _0x25:
000143 9986      	SBIC 0x10,6
000144 c003      	RJMP _0x26
000145 e0e5      	LDI  R30,LOW(5)
000146 e0f0      	LDI  R31,HIGH(5)
000147 9508      	RET
                 ; 0000 0062     if(!PIND.7) return 8;
                 _0x26:
000148 9987      	SBIC 0x10,7
000149 c003      	RJMP _0x27
00014a e0e8      	LDI  R30,LOW(8)
00014b e0f0      	LDI  R31,HIGH(8)
00014c 9508      	RET
                 ; 0000 0063 
                 ; 0000 0064     PORTD.2=1; PORTD.3=1; PORTD.4=0;
                 _0x27:
00014d 9a92      	SBI  0x12,2
00014e 9a93      	SBI  0x12,3
00014f 9894      	CBI  0x12,4
                 ; 0000 0065     if(!PIND.5) return 3;
000150 9985      	SBIC 0x10,5
000151 c003      	RJMP _0x2E
000152 e0e3      	LDI  R30,LOW(3)
000153 e0f0      	LDI  R31,HIGH(3)
000154 9508      	RET
                 ; 0000 0066     if(!PIND.6) return 6;
                 _0x2E:
000155 9986      	SBIC 0x10,6
000156 c003      	RJMP _0x2F
000157 e0e6      	LDI  R30,LOW(6)
000158 e0f0      	LDI  R31,HIGH(6)
000159 9508      	RET
                 ; 0000 0067     if(!PIND.7) return 9;
                 _0x2F:
00015a 9987      	SBIC 0x10,7
00015b c003      	RJMP _0x30
00015c e0e9      	LDI  R30,LOW(9)
00015d e0f0      	LDI  R31,HIGH(9)
00015e 9508      	RET
                 ; 0000 0068 
                 ; 0000 0069     return -1; //nothing has pressed
                 _0x30:
00015f efef      	LDI  R30,LOW(65535)
000160 efff      	LDI  R31,HIGH(65535)
000161 9508      	RET
                 ; 0000 006A }
                 ; .FEND
                 ;
                 ;// External Interrupt 0 service routine
                 ;interrupt [EXT_INT0] void ext_int0_isr(void) // set red timer
                 ; 0000 006E {
                 _ext_int0_isr:
                 ; .FSTART _ext_int0_isr
000162 940e 046e 	CALL SUBOPT_0x3
                 ; 0000 006F     delay_ms(20);
                 ; 0000 0070     lcd_clear();
                 ; 0000 0071     lcd_gotoxy(0 , 0);
                 ; 0000 0072     lcd_putsf("Enter a number(1-9)");
                +
000164 eea8     +LDI R26 , LOW ( 2 * _0x0 + ( 54 ) )
000165 e0b0     +LDI R27 , HIGH ( 2 * _0x0 + ( 54 ) )
                 	__POINTW2FN _0x0,54
000166 940e 0469 	CALL SUBOPT_0x2
                 ; 0000 0073     lcd_gotoxy(0 , 1);
000168 e0a1      	LDI  R26,LOW(1)
000169 940e 03b3 	CALL _lcd_gotoxy
                 ; 0000 0074     lcd_putsf("for red timer");
                +
00016b efac     +LDI R26 , LOW ( 2 * _0x0 + ( 74 ) )
00016c e0b0     +LDI R27 , HIGH ( 2 * _0x0 + ( 74 ) )
                 	__POINTW2FN _0x0,74
00016d 940e 0401 	CALL _lcd_putsf
                 ; 0000 0075     do{
                 _0x32:
                 ; 0000 0076         input = pressed_key();
00016f 940e 0483 	CALL SUBOPT_0x4
                 ; 0000 0077         if(input != -1){
000171 f011      	BREQ _0x34
                 ; 0000 0078             lcd_clear();
000172 940e 03c4 	CALL _lcd_clear
                 ; 0000 0079         }
                 ; 0000 007A     }while(input == -1);
                 _0x34:
000174 efef      	LDI  R30,LOW(65535)
000175 efff      	LDI  R31,HIGH(65535)
000176 15ea      	CP   R30,R10
000177 05fb      	CPC  R31,R11
000178 f3b1      	BREQ _0x32
                 ; 0000 007B 
                 ; 0000 007C     red_timer = input;
000179 0125      	MOVW R4,R10
                 ; 0000 007D     lcd_gotoxy(0 ,0);
00017a e0e0      	LDI  R30,LOW(0)
00017b 940e 0465 	CALL SUBOPT_0x1
                 ; 0000 007E     lcd_puts("red timer is set");
                +
00017d e0a0     +LDI R26 , LOW ( _0x35 + ( 0 ) )
00017e e0b5     +LDI R27 , HIGH ( _0x35 + ( 0 ) )
                 	__POINTW2MN _0x35,0
00017f c01d      	RJMP _0x3F
                 ; 0000 007F     lcd_gotoxy(0 , 1);
                 ; 0000 0080     sprintf(str , "for %us" , input) ;
                 ; 0000 0081     lcd_puts(str);
                 ; 0000 0082     delay_ms(delay_time);
                 ; 0000 0083     set_lcd();
                 ; 0000 0084 }
                 ; .FEND
                 
                 	.DSEG
                 _0x35:
000500           	.BYTE 0x11
                 ;
                 ;// External Interrupt 1 service routine
                 ;interrupt [EXT_INT1] void ext_int1_isr(void)  //set green timer
                 ; 0000 0088 {
                 
                 	.CSEG
                 _ext_int1_isr:
                 ; .FSTART _ext_int1_isr
000180 940e 046e 	CALL SUBOPT_0x3
                 ; 0000 0089     delay_ms(20);
                 ; 0000 008A     lcd_clear();
                 ; 0000 008B     lcd_gotoxy(0 , 0);
                 ; 0000 008C     lcd_putsf("Enter a number(1-9)");
                +
000182 eea8     +LDI R26 , LOW ( 2 * _0x0 + ( 54 ) )
000183 e0b0     +LDI R27 , HIGH ( 2 * _0x0 + ( 54 ) )
                 	__POINTW2FN _0x0,54
000184 940e 0469 	CALL SUBOPT_0x2
                 ; 0000 008D     lcd_gotoxy(0 , 1);
000186 e0a1      	LDI  R26,LOW(1)
000187 940e 03b3 	CALL _lcd_gotoxy
                 ; 0000 008E     lcd_putsf("for green timer");
                +
000189 e2a3     +LDI R26 , LOW ( 2 * _0x0 + ( 113 ) )
00018a e0b1     +LDI R27 , HIGH ( 2 * _0x0 + ( 113 ) )
                 	__POINTW2FN _0x0,113
00018b 940e 0401 	CALL _lcd_putsf
                 ; 0000 008F     do{
                 _0x37:
                 ; 0000 0090         input = pressed_key();
00018d 940e 0483 	CALL SUBOPT_0x4
                 ; 0000 0091         if(input != -1){
00018f f011      	BREQ _0x39
                 ; 0000 0092             lcd_clear();
000190 940e 03c4 	CALL _lcd_clear
                 ; 0000 0093         }
                 ; 0000 0094     }while(input == -1);
                 _0x39:
000192 efef      	LDI  R30,LOW(65535)
000193 efff      	LDI  R31,HIGH(65535)
000194 15ea      	CP   R30,R10
000195 05fb      	CPC  R31,R11
000196 f3b1      	BREQ _0x37
                 ; 0000 0095 
                 ; 0000 0096     green_timer = input;
000197 0135      	MOVW R6,R10
                 ; 0000 0097     lcd_gotoxy(0 ,0);
000198 e0e0      	LDI  R30,LOW(0)
000199 940e 0465 	CALL SUBOPT_0x1
                 ; 0000 0098     lcd_puts("green timer is set");
                +
00019b e1a1     +LDI R26 , LOW ( _0x3A + ( 0 ) )
00019c e0b5     +LDI R27 , HIGH ( _0x3A + ( 0 ) )
                 	__POINTW2MN _0x3A,0
                 _0x3F:
00019d 940e 03f2 	CALL _lcd_puts
                 ; 0000 0099     lcd_gotoxy(0 , 1);
00019f e0e0      	LDI  R30,LOW(0)
0001a0 93ea      	ST   -Y,R30
0001a1 e0a1      	LDI  R26,LOW(1)
0001a2 940e 03b3 	CALL _lcd_gotoxy
                 ; 0000 009A     sprintf(str , "for %us" , input) ;
0001a4 e2ee      	LDI  R30,LOW(_str)
0001a5 e0f5      	LDI  R31,HIGH(_str)
0001a6 93fa      	ST   -Y,R31
0001a7 93ea      	ST   -Y,R30
                +
0001a8 e1eb     +LDI R30 , LOW ( 2 * _0x0 + ( 105 ) )
0001a9 e0f1     +LDI R31 , HIGH ( 2 * _0x0 + ( 105 ) )
                 	__POINTW1FN _0x0,105
0001aa 93fa      	ST   -Y,R31
0001ab 93ea      	ST   -Y,R30
0001ac 01f5      	MOVW R30,R10
0001ad 940e 04d7 	CALL __CWD1
0001af 940e 04e4 	CALL __PUTPARD1
0001b1 e084      	LDI  R24,4
0001b2 940e 035e 	CALL _sprintf
0001b4 9628      	ADIW R28,8
                 ; 0000 009B     lcd_puts(str);
0001b5 e2ae      	LDI  R26,LOW(_str)
0001b6 e0b5      	LDI  R27,HIGH(_str)
0001b7 940e 03f2 	CALL _lcd_puts
                 ; 0000 009C     delay_ms(delay_time);
0001b9 01d6      	MOVW R26,R12
0001ba 940e 04c5 	CALL _delay_ms
                 ; 0000 009D     set_lcd();
0001bc df54      	RCALL _set_lcd
                 ; 0000 009E }
0001bd 91e9      	LD   R30,Y+
0001be bfef      	OUT  SREG,R30
0001bf 91f9      	LD   R31,Y+
0001c0 91e9      	LD   R30,Y+
0001c1 91b9      	LD   R27,Y+
0001c2 91a9      	LD   R26,Y+
0001c3 9199      	LD   R25,Y+
0001c4 9189      	LD   R24,Y+
0001c5 9179      	LD   R23,Y+
0001c6 9169      	LD   R22,Y+
0001c7 90f9      	LD   R15,Y+
0001c8 9019      	LD   R1,Y+
0001c9 9009      	LD   R0,Y+
0001ca 9518      	RETI
                 ; .FEND
                 
                 	.DSEG
                 _0x3A:
000511           	.BYTE 0x13
                 ;
                 ;void main(void)
                 ; 0000 00A1 {
                 
                 	.CSEG
                 _main:
                 ; .FSTART _main
                 ; 0000 00A2 
                 ; 0000 00A3 DDRB = 0xFF;
0001cb efef      	LDI  R30,LOW(255)
0001cc bbe7      	OUT  0x17,R30
                 ; 0000 00A4 PORTB = 0x00;
0001cd e0e0      	LDI  R30,LOW(0)
0001ce bbe8      	OUT  0x18,R30
                 ; 0000 00A5 
                 ; 0000 00A6 DDRE = 0xFF;
0001cf efef      	LDI  R30,LOW(255)
0001d0 b9e2      	OUT  0x2,R30
                 ; 0000 00A7 PORTE = 0xFF;
0001d1 b9e3      	OUT  0x3,R30
                 ; 0000 00A8 
                 ; 0000 00A9 DDRA = 0xFF;
0001d2 bbea      	OUT  0x1A,R30
                 ; 0000 00AA PORTA = 0xFF;
0001d3 bbeb      	OUT  0x1B,R30
                 ; 0000 00AB 
                 ; 0000 00AC DDRD = 0x1C;
0001d4 e1ec      	LDI  R30,LOW(28)
0001d5 bbe1      	OUT  0x11,R30
                 ; 0000 00AD PORTD = 0xE3;
0001d6 eee3      	LDI  R30,LOW(227)
0001d7 bbe2      	OUT  0x12,R30
                 ; 0000 00AE 
                 ; 0000 00AF 
                 ; 0000 00B0 // External Interrupt(s) initialization
                 ; 0000 00B1 // INT0: On
                 ; 0000 00B2 // INT0 Mode: Low level
                 ; 0000 00B3 // INT1: On
                 ; 0000 00B4 // INT1 Mode: Low level
                 ; 0000 00B5 // INT2: Off
                 ; 0000 00B6 // INT3: Off
                 ; 0000 00B7 // INT4: Off
                 ; 0000 00B8 // INT5: Off
                 ; 0000 00B9 // INT6: Off
                 ; 0000 00BA // INT7: Off
                 ; 0000 00BB 
                 ; 0000 00BC EICRA=(0<<ISC31) | (0<<ISC30) | (0<<ISC21) | (0<<ISC20) | (0<<ISC11) | (0<<ISC10) | (0<<ISC01) | (0<<ISC00);
0001d8 e0e0      	LDI  R30,LOW(0)
0001d9 93e0 006a 	STS  106,R30
                 ; 0000 00BD EICRB=(0<<ISC71) | (0<<ISC70) | (0<<ISC61) | (0<<ISC60) | (0<<ISC51) | (0<<ISC50) | (0<<ISC41) | (0<<ISC40);
0001db bfea      	OUT  0x3A,R30
                 ; 0000 00BE EIMSK=(0<<INT7) | (0<<INT6) | (0<<INT5) | (0<<INT4) | (0<<INT3) | (0<<INT2) | (1<<INT1) | (1<<INT0);
0001dc e0e3      	LDI  R30,LOW(3)
0001dd bfe9      	OUT  0x39,R30
                 ; 0000 00BF EIFR=(0<<INTF7) | (0<<INTF6) | (0<<INTF5) | (0<<INTF4) | (0<<INTF3) | (0<<INTF2) | (1<<INTF1) | (1<<INTF0);
0001de bfe8      	OUT  0x38,R30
                 ; 0000 00C0 
                 ; 0000 00C1 // Alphanumeric LCD initialization
                 ; 0000 00C2 // Connections are specified in the
                 ; 0000 00C3 // Project|Configure|C Compiler|Libraries|Alphanumeric LCD menu:
                 ; 0000 00C4 // RS - PORTE Bit 0
                 ; 0000 00C5 // RD - PORTE Bit 1
                 ; 0000 00C6 // EN - PORTE Bit 2
                 ; 0000 00C7 // D4 - PORTE Bit 4
                 ; 0000 00C8 // D5 - PORTE Bit 5
                 ; 0000 00C9 // D6 - PORTE Bit 6
                 ; 0000 00CA // D7 - PORTE Bit 7
                 ; 0000 00CB // Characters/line: 20
                 ; 0000 00CC lcd_init(20);
0001df e1a4      	LDI  R26,LOW(20)
0001e0 940e 0414 	CALL _lcd_init
                 ; 0000 00CD 
                 ; 0000 00CE // Global enable interrupts
                 ; 0000 00CF #asm("sei")
0001e2 9478      	sei
                 ; 0000 00D0 
                 ; 0000 00D1 set_lcd();
0001e3 df2d      	RCALL _set_lcd
                 ; 0000 00D2 
                 ; 0000 00D3 while (1)
                 _0x3B:
                 ; 0000 00D4       {
                 ; 0000 00D5             green();
0001e4 df07      	RCALL _green
                 ; 0000 00D6             yellow();
0001e5 df22      	RCALL _yellow
                 ; 0000 00D7             red();
0001e6 df13      	RCALL _red
                 ; 0000 00D8             yellow();
0001e7 df20      	RCALL _yellow
                 ; 0000 00D9 
                 ; 0000 00DA       }
0001e8 cffb      	RJMP _0x3B
                 ; 0000 00DB }
                 _0x3E:
0001e9 cfff      	RJMP _0x3E
                 ; .FEND
                 
                 	.CSEG
                 
                 	.DSEG
                 
                 	.CSEG
                 	#ifndef __SLEEP_DEFINED__
                 	#endif
                 
                 	.CSEG
                 _put_buff_G101:
                 ; .FSTART _put_buff_G101
0001ea 93ba      	ST   -Y,R27
0001eb 93aa      	ST   -Y,R26
0001ec 931a      	ST   -Y,R17
0001ed 930a      	ST   -Y,R16
0001ee 81aa      	LDD  R26,Y+2
0001ef 81bb      	LDD  R27,Y+2+1
0001f0 9612      	ADIW R26,2
0001f1 940e 04dc 	CALL __GETW1P
0001f3 9730      	SBIW R30,0
0001f4 f159      	BREQ _0x2020010
0001f5 81aa      	LDD  R26,Y+2
0001f6 81bb      	LDD  R27,Y+2+1
0001f7 9614      	ADIW R26,4
0001f8 940e 04dc 	CALL __GETW1P
0001fa 018f      	MOVW R16,R30
0001fb 9730      	SBIW R30,0
0001fc f061      	BREQ _0x2020012
                +
0001fd 3002     +CPI R16 , LOW ( 2 )
0001fe e0e0     +LDI R30 , HIGH ( 2 )
0001ff 071e     +CPC R17 , R30
                 	__CPWRN 16,17,2
000200 f098      	BRLO _0x2020013
000201 01f8      	MOVW R30,R16
000202 9731      	SBIW R30,1
000203 018f      	MOVW R16,R30
                +
000204 81aa     +LDD R26 , Y + 2
000205 81bb     +LDD R27 , Y + 2 + 1
000206 9614     +ADIW R26 , 4
000207 93ed     +ST X + , R30
000208 93fc     +ST X , R31
                 	__PUTW1SNS 2,4
                 _0x2020012:
000209 81aa      	LDD  R26,Y+2
00020a 81bb      	LDD  R27,Y+2+1
00020b 9612      	ADIW R26,2
00020c 91ed      	LD   R30,X+
00020d 91fd      	LD   R31,X+
00020e 9631      	ADIW R30,1
00020f 93fe      	ST   -X,R31
000210 93ee      	ST   -X,R30
000211 9731      	SBIW R30,1
000212 81ac      	LDD  R26,Y+4
000213 83a0      	STD  Z+0,R26
                 _0x2020013:
000214 81aa      	LDD  R26,Y+2
000215 81bb      	LDD  R27,Y+2+1
000216 940e 04dc 	CALL __GETW1P
000218 23ff      	TST  R31
000219 f02a      	BRMI _0x2020014
00021a 91ed      	LD   R30,X+
00021b 91fd      	LD   R31,X+
00021c 9631      	ADIW R30,1
00021d 93fe      	ST   -X,R31
00021e 93ee      	ST   -X,R30
                 _0x2020014:
00021f c006      	RJMP _0x2020015
                 _0x2020010:
000220 81aa      	LDD  R26,Y+2
000221 81bb      	LDD  R27,Y+2+1
000222 efef      	LDI  R30,LOW(65535)
000223 efff      	LDI  R31,HIGH(65535)
000224 93ed      	ST   X+,R30
000225 93fc      	ST   X,R31
                 _0x2020015:
000226 8119      	LDD  R17,Y+1
000227 8108      	LDD  R16,Y+0
000228 9625      	ADIW R28,5
000229 9508      	RET
                 ; .FEND
                 __print_G101:
                 ; .FSTART __print_G101
00022a 93ba      	ST   -Y,R27
00022b 93aa      	ST   -Y,R26
00022c 9726      	SBIW R28,6
00022d 940e 04e9 	CALL __SAVELOCR6
00022f e010      	LDI  R17,0
000230 85ac      	LDD  R26,Y+12
000231 85bd      	LDD  R27,Y+12+1
000232 e0e0      	LDI  R30,LOW(0)
000233 e0f0      	LDI  R31,HIGH(0)
000234 93ed      	ST   X+,R30
000235 93fc      	ST   X,R31
                 _0x2020016:
000236 89ea      	LDD  R30,Y+18
000237 89fb      	LDD  R31,Y+18+1
000238 9631      	ADIW R30,1
000239 8bea      	STD  Y+18,R30
00023a 8bfb      	STD  Y+18+1,R31
00023b 9731      	SBIW R30,1
00023c 91e4      	LPM  R30,Z
00023d 2f2e      	MOV  R18,R30
00023e 30e0      	CPI  R30,0
00023f f409      	BRNE PC+2
000240 c115      	RJMP _0x2020018
000241 2fe1      	MOV  R30,R17
000242 30e0      	CPI  R30,0
000243 f439      	BRNE _0x202001C
000244 3225      	CPI  R18,37
000245 f411      	BRNE _0x202001D
000246 e011      	LDI  R17,LOW(1)
000247 c002      	RJMP _0x202001E
                 _0x202001D:
000248 940e 048b 	CALL SUBOPT_0x5
                 _0x202001E:
00024a c10a      	RJMP _0x202001B
                 _0x202001C:
00024b 30e1      	CPI  R30,LOW(0x1)
00024c f4a9      	BRNE _0x202001F
00024d 3225      	CPI  R18,37
00024e f419      	BRNE _0x2020020
00024f 940e 048b 	CALL SUBOPT_0x5
000251 c102      	RJMP _0x20200CC
                 _0x2020020:
000252 e012      	LDI  R17,LOW(2)
000253 e040      	LDI  R20,LOW(0)
000254 e000      	LDI  R16,LOW(0)
000255 322d      	CPI  R18,45
000256 f411      	BRNE _0x2020021
000257 e001      	LDI  R16,LOW(1)
000258 c0fc      	RJMP _0x202001B
                 _0x2020021:
000259 322b      	CPI  R18,43
00025a f411      	BRNE _0x2020022
00025b e24b      	LDI  R20,LOW(43)
00025c c0f8      	RJMP _0x202001B
                 _0x2020022:
00025d 3220      	CPI  R18,32
00025e f411      	BRNE _0x2020023
00025f e240      	LDI  R20,LOW(32)
000260 c0f4      	RJMP _0x202001B
                 _0x2020023:
000261 c002      	RJMP _0x2020024
                 _0x202001F:
000262 30e2      	CPI  R30,LOW(0x2)
000263 f439      	BRNE _0x2020025
                 _0x2020024:
000264 e050      	LDI  R21,LOW(0)
000265 e013      	LDI  R17,LOW(3)
000266 3320      	CPI  R18,48
000267 f411      	BRNE _0x2020026
000268 6800      	ORI  R16,LOW(128)
000269 c0eb      	RJMP _0x202001B
                 _0x2020026:
00026a c003      	RJMP _0x2020027
                 _0x2020025:
00026b 30e3      	CPI  R30,LOW(0x3)
00026c f009      	BREQ PC+2
00026d c0e7      	RJMP _0x202001B
                 _0x2020027:
00026e 3320      	CPI  R18,48
00026f f010      	BRLO _0x202002A
000270 332a      	CPI  R18,58
000271 f008      	BRLO _0x202002B
                 _0x202002A:
000272 c007      	RJMP _0x2020029
                 _0x202002B:
000273 e0aa      	LDI  R26,LOW(10)
000274 9f5a      	MUL  R21,R26
000275 2d50      	MOV  R21,R0
000276 2fe2      	MOV  R30,R18
000277 53e0      	SUBI R30,LOW(48)
000278 0f5e      	ADD  R21,R30
000279 c0db      	RJMP _0x202001B
                 _0x2020029:
00027a 2fe2      	MOV  R30,R18
00027b 36e3      	CPI  R30,LOW(0x63)
00027c f449      	BRNE _0x202002F
00027d 940e 0492 	CALL SUBOPT_0x6
00027f 89e8      	LDD  R30,Y+16
000280 89f9      	LDD  R31,Y+16+1
000281 81a4      	LDD  R26,Z+4
000282 93aa      	ST   -Y,R26
000283 940e 0498 	CALL SUBOPT_0x7
000285 c0ce      	RJMP _0x2020030
                 _0x202002F:
000286 37e3      	CPI  R30,LOW(0x73)
000287 f441      	BRNE _0x2020032
000288 940e 0492 	CALL SUBOPT_0x6
00028a 940e 049e 	CALL SUBOPT_0x8
00028c 940e 0443 	CALL _strlen
00028e 2f1e      	MOV  R17,R30
00028f c00a      	RJMP _0x2020033
                 _0x2020032:
000290 37e0      	CPI  R30,LOW(0x70)
000291 f461      	BRNE _0x2020035
000292 940e 0492 	CALL SUBOPT_0x6
000294 940e 049e 	CALL SUBOPT_0x8
000296 940e 044f 	CALL _strlenf
000298 2f1e      	MOV  R17,R30
000299 6008      	ORI  R16,LOW(8)
                 _0x2020033:
00029a 6002      	ORI  R16,LOW(2)
00029b 770f      	ANDI R16,LOW(127)
00029c e030      	LDI  R19,LOW(0)
00029d c034      	RJMP _0x2020036
                 _0x2020035:
00029e 36e4      	CPI  R30,LOW(0x64)
00029f f011      	BREQ _0x2020039
0002a0 36e9      	CPI  R30,LOW(0x69)
0002a1 f411      	BRNE _0x202003A
                 _0x2020039:
0002a2 6004      	ORI  R16,LOW(4)
0002a3 c002      	RJMP _0x202003B
                 _0x202003A:
0002a4 37e5      	CPI  R30,LOW(0x75)
0002a5 f431      	BRNE _0x202003C
                 _0x202003B:
0002a6 e8ec      	LDI  R30,LOW(_tbl10_G101*2)
0002a7 e0f0      	LDI  R31,HIGH(_tbl10_G101*2)
0002a8 83ee      	STD  Y+6,R30
0002a9 83ff      	STD  Y+6+1,R31
0002aa e015      	LDI  R17,LOW(5)
0002ab c00c      	RJMP _0x202003D
                 _0x202003C:
0002ac 35e8      	CPI  R30,LOW(0x58)
0002ad f411      	BRNE _0x202003F
0002ae 6008      	ORI  R16,LOW(8)
0002af c003      	RJMP _0x2020040
                 _0x202003F:
0002b0 37e8      	CPI  R30,LOW(0x78)
0002b1 f009      	BREQ PC+2
0002b2 c0a1      	RJMP _0x2020071
                 _0x2020040:
0002b3 e9e6      	LDI  R30,LOW(_tbl16_G101*2)
0002b4 e0f0      	LDI  R31,HIGH(_tbl16_G101*2)
0002b5 83ee      	STD  Y+6,R30
0002b6 83ff      	STD  Y+6+1,R31
0002b7 e014      	LDI  R17,LOW(4)
                 _0x202003D:
0002b8 ff02      	SBRS R16,2
0002b9 c014      	RJMP _0x2020042
0002ba 940e 0492 	CALL SUBOPT_0x6
0002bc 940e 04a8 	CALL SUBOPT_0x9
0002be 85ab      	LDD  R26,Y+11
0002bf 23aa      	TST  R26
0002c0 f43a      	BRPL _0x2020043
0002c1 85ea      	LDD  R30,Y+10
0002c2 85fb      	LDD  R31,Y+10+1
0002c3 940e 04d3 	CALL __ANEGW1
0002c5 87ea      	STD  Y+10,R30
0002c6 87fb      	STD  Y+10+1,R31
0002c7 e24d      	LDI  R20,LOW(45)
                 _0x2020043:
0002c8 3040      	CPI  R20,0
0002c9 f011      	BREQ _0x2020044
0002ca 5f1f      	SUBI R17,-LOW(1)
0002cb c001      	RJMP _0x2020045
                 _0x2020044:
0002cc 7f0b      	ANDI R16,LOW(251)
                 _0x2020045:
0002cd c004      	RJMP _0x2020046
                 _0x2020042:
0002ce 940e 0492 	CALL SUBOPT_0x6
0002d0 940e 04a8 	CALL SUBOPT_0x9
                 _0x2020046:
                 _0x2020036:
0002d2 fd00      	SBRC R16,0
0002d3 c011      	RJMP _0x2020047
                 _0x2020048:
0002d4 1715      	CP   R17,R21
0002d5 f478      	BRSH _0x202004A
0002d6 ff07      	SBRS R16,7
0002d7 c008      	RJMP _0x202004B
0002d8 ff02      	SBRS R16,2
0002d9 c004      	RJMP _0x202004C
0002da 7f0b      	ANDI R16,LOW(251)
0002db 2f24      	MOV  R18,R20
0002dc 5011      	SUBI R17,LOW(1)
0002dd c001      	RJMP _0x202004D
                 _0x202004C:
0002de e320      	LDI  R18,LOW(48)
                 _0x202004D:
0002df c001      	RJMP _0x202004E
                 _0x202004B:
0002e0 e220      	LDI  R18,LOW(32)
                 _0x202004E:
0002e1 940e 048b 	CALL SUBOPT_0x5
0002e3 5051      	SUBI R21,LOW(1)
0002e4 cfef      	RJMP _0x2020048
                 _0x202004A:
                 _0x2020047:
0002e5 2f31      	MOV  R19,R17
0002e6 ff01      	SBRS R16,1
0002e7 c017      	RJMP _0x202004F
                 _0x2020050:
0002e8 3030      	CPI  R19,0
0002e9 f0a1      	BREQ _0x2020052
0002ea ff03      	SBRS R16,3
0002eb c006      	RJMP _0x2020053
0002ec 81ee      	LDD  R30,Y+6
0002ed 81ff      	LDD  R31,Y+6+1
0002ee 9125      	LPM  R18,Z+
0002ef 83ee      	STD  Y+6,R30
0002f0 83ff      	STD  Y+6+1,R31
0002f1 c005      	RJMP _0x2020054
                 _0x2020053:
0002f2 81ae      	LDD  R26,Y+6
0002f3 81bf      	LDD  R27,Y+6+1
0002f4 912d      	LD   R18,X+
0002f5 83ae      	STD  Y+6,R26
0002f6 83bf      	STD  Y+6+1,R27
                 _0x2020054:
0002f7 940e 048b 	CALL SUBOPT_0x5
0002f9 3050      	CPI  R21,0
0002fa f009      	BREQ _0x2020055
0002fb 5051      	SUBI R21,LOW(1)
                 _0x2020055:
0002fc 5031      	SUBI R19,LOW(1)
0002fd cfea      	RJMP _0x2020050
                 _0x2020052:
0002fe c04b      	RJMP _0x2020056
                 _0x202004F:
                 _0x2020058:
0002ff e320      	LDI  R18,LOW(48)
000300 81ee      	LDD  R30,Y+6
000301 81ff      	LDD  R31,Y+6+1
000302 940e 04e0 	CALL __GETW1PF
000304 87e8      	STD  Y+8,R30
000305 87f9      	STD  Y+8+1,R31
000306 81ee      	LDD  R30,Y+6
000307 81ff      	LDD  R31,Y+6+1
000308 9632      	ADIW R30,2
000309 83ee      	STD  Y+6,R30
00030a 83ff      	STD  Y+6+1,R31
                 _0x202005A:
00030b 85e8      	LDD  R30,Y+8
00030c 85f9      	LDD  R31,Y+8+1
00030d 85aa      	LDD  R26,Y+10
00030e 85bb      	LDD  R27,Y+10+1
00030f 17ae      	CP   R26,R30
000310 07bf      	CPC  R27,R31
000311 f050      	BRLO _0x202005C
000312 5f2f      	SUBI R18,-LOW(1)
000313 85a8      	LDD  R26,Y+8
000314 85b9      	LDD  R27,Y+8+1
000315 85ea      	LDD  R30,Y+10
000316 85fb      	LDD  R31,Y+10+1
000317 1bea      	SUB  R30,R26
000318 0bfb      	SBC  R31,R27
000319 87ea      	STD  Y+10,R30
00031a 87fb      	STD  Y+10+1,R31
00031b cfef      	RJMP _0x202005A
                 _0x202005C:
00031c 332a      	CPI  R18,58
00031d f028      	BRLO _0x202005D
00031e ff03      	SBRS R16,3
00031f c002      	RJMP _0x202005E
000320 5f29      	SUBI R18,-LOW(7)
000321 c001      	RJMP _0x202005F
                 _0x202005E:
000322 5d29      	SUBI R18,-LOW(39)
                 _0x202005F:
                 _0x202005D:
000323 fd04      	SBRC R16,4
000324 c01a      	RJMP _0x2020061
000325 3321      	CPI  R18,49
000326 f420      	BRSH _0x2020063
000327 85a8      	LDD  R26,Y+8
000328 85b9      	LDD  R27,Y+8+1
000329 9711      	SBIW R26,1
00032a f409      	BRNE _0x2020062
                 _0x2020063:
00032b c009      	RJMP _0x20200CD
                 _0x2020062:
00032c 1753      	CP   R21,R19
00032d f010      	BRLO _0x2020067
00032e ff00      	SBRS R16,0
00032f c001      	RJMP _0x2020068
                 _0x2020067:
000330 c013      	RJMP _0x2020066
                 _0x2020068:
000331 e220      	LDI  R18,LOW(32)
000332 ff07      	SBRS R16,7
000333 c00b      	RJMP _0x2020069
000334 e320      	LDI  R18,LOW(48)
                 _0x20200CD:
000335 6100      	ORI  R16,LOW(16)
000336 ff02      	SBRS R16,2
000337 c007      	RJMP _0x202006A
000338 7f0b      	ANDI R16,LOW(251)
000339 934a      	ST   -Y,R20
00033a 940e 0498 	CALL SUBOPT_0x7
00033c 3050      	CPI  R21,0
00033d f009      	BREQ _0x202006B
00033e 5051      	SUBI R21,LOW(1)
                 _0x202006B:
                 _0x202006A:
                 _0x2020069:
                 _0x2020061:
00033f 940e 048b 	CALL SUBOPT_0x5
000341 3050      	CPI  R21,0
000342 f009      	BREQ _0x202006C
000343 5051      	SUBI R21,LOW(1)
                 _0x202006C:
                 _0x2020066:
000344 5031      	SUBI R19,LOW(1)
000345 85a8      	LDD  R26,Y+8
000346 85b9      	LDD  R27,Y+8+1
000347 9712      	SBIW R26,2
000348 f008      	BRLO _0x2020059
000349 cfb5      	RJMP _0x2020058
                 _0x2020059:
                 _0x2020056:
00034a ff00      	SBRS R16,0
00034b c008      	RJMP _0x202006D
                 _0x202006E:
00034c 3050      	CPI  R21,0
00034d f031      	BREQ _0x2020070
00034e 5051      	SUBI R21,LOW(1)
00034f e2e0      	LDI  R30,LOW(32)
000350 93ea      	ST   -Y,R30
000351 940e 0498 	CALL SUBOPT_0x7
000353 cff8      	RJMP _0x202006E
                 _0x2020070:
                 _0x202006D:
                 _0x2020071:
                 _0x2020030:
                 _0x20200CC:
000354 e010      	LDI  R17,LOW(0)
                 _0x202001B:
000355 cee0      	RJMP _0x2020016
                 _0x2020018:
000356 85ac      	LDD  R26,Y+12
000357 85bd      	LDD  R27,Y+12+1
000358 940e 04dc 	CALL __GETW1P
00035a 940e 04f0 	CALL __LOADLOCR6
00035c 9664      	ADIW R28,20
00035d 9508      	RET
                 ; .FEND
                 _sprintf:
                 ; .FSTART _sprintf
00035e 92ff      	PUSH R15
00035f 2ef8      	MOV  R15,R24
000360 9726      	SBIW R28,6
000361 940e 04eb 	CALL __SAVELOCR4
000363 940e 04b0 	CALL SUBOPT_0xA
000365 9730      	SBIW R30,0
000366 f419      	BRNE _0x2020072
000367 efef      	LDI  R30,LOW(65535)
000368 efff      	LDI  R31,HIGH(65535)
000369 c023      	RJMP _0x20C0003
                 _0x2020072:
00036a 01de      	MOVW R26,R28
00036b 9616      	ADIW R26,6
00036c 940e 04cf 	CALL __ADDW2R15
00036e 018d      	MOVW R16,R26
00036f 940e 04b0 	CALL SUBOPT_0xA
000371 83ee      	STD  Y+6,R30
000372 83ff      	STD  Y+6+1,R31
000373 e0e0      	LDI  R30,LOW(0)
000374 87e8      	STD  Y+8,R30
000375 87e9      	STD  Y+8+1,R30
000376 01de      	MOVW R26,R28
000377 961a      	ADIW R26,10
000378 940e 04cf 	CALL __ADDW2R15
00037a 940e 04dc 	CALL __GETW1P
00037c 93fa      	ST   -Y,R31
00037d 93ea      	ST   -Y,R30
00037e 931a      	ST   -Y,R17
00037f 930a      	ST   -Y,R16
000380 eeea      	LDI  R30,LOW(_put_buff_G101)
000381 e0f1      	LDI  R31,HIGH(_put_buff_G101)
000382 93fa      	ST   -Y,R31
000383 93ea      	ST   -Y,R30
000384 01de      	MOVW R26,R28
000385 961a      	ADIW R26,10
000386 dea3      	RCALL __print_G101
000387 019f      	MOVW R18,R30
000388 81ae      	LDD  R26,Y+6
000389 81bf      	LDD  R27,Y+6+1
00038a e0e0      	LDI  R30,LOW(0)
00038b 93ec      	ST   X,R30
00038c 01f9      	MOVW R30,R18
                 _0x20C0003:
00038d 940e 04f2 	CALL __LOADLOCR4
00038f 962a      	ADIW R28,10
000390 90ff      	POP  R15
000391 9508      	RET
                 ; .FEND
                 	#ifndef __SLEEP_DEFINED__
                 	#endif
                 
                 	.DSEG
                 
                 	.CSEG
                 __lcd_write_nibble_G102:
                 ; .FSTART __lcd_write_nibble_G102
000392 93aa      	ST   -Y,R26
000393 b1e3      	IN   R30,0x3
000394 70ef      	ANDI R30,LOW(0xF)
000395 2fae      	MOV  R26,R30
000396 81e8      	LD   R30,Y
000397 7fe0      	ANDI R30,LOW(0xF0)
000398 2bea      	OR   R30,R26
000399 b9e3      	OUT  0x3,R30
                +
00039a e18b     +LDI R24 , LOW ( 27 )
                +__DELAY_USB_LOOP :
00039b 958a     +DEC R24
00039c f7f1     +BRNE __DELAY_USB_LOOP
                 	__DELAY_USB 27
00039d 9a1a      	SBI  0x3,2
                +
00039e e18b     +LDI R24 , LOW ( 27 )
                +__DELAY_USB_LOOP :
00039f 958a     +DEC R24
0003a0 f7f1     +BRNE __DELAY_USB_LOOP
                 	__DELAY_USB 27
0003a1 981a      	CBI  0x3,2
                +
0003a2 e18b     +LDI R24 , LOW ( 27 )
                +__DELAY_USB_LOOP :
0003a3 958a     +DEC R24
0003a4 f7f1     +BRNE __DELAY_USB_LOOP
                 	__DELAY_USB 27
0003a5 c09b      	RJMP _0x20C0001
                 ; .FEND
                 __lcd_write_data:
                 ; .FSTART __lcd_write_data
0003a6 93aa      	ST   -Y,R26
0003a7 81a8      	LD   R26,Y
0003a8 dfe9      	RCALL __lcd_write_nibble_G102
0003a9 81e8          ld    r30,y
0003aa 95e2          swap  r30
0003ab 83e8          st    y,r30
0003ac 81a8      	LD   R26,Y
0003ad dfe4      	RCALL __lcd_write_nibble_G102
                +
0003ae ec88     +LDI R24 , LOW ( 200 )
0003af e090     +LDI R25 , HIGH ( 200 )
                +__DELAY_USW_LOOP :
0003b0 9701     +SBIW R24 , 1
0003b1 f7f1     +BRNE __DELAY_USW_LOOP
                 	__DELAY_USW 200
0003b2 c08e      	RJMP _0x20C0001
                 ; .FEND
                 _lcd_gotoxy:
                 ; .FSTART _lcd_gotoxy
0003b3 93aa      	ST   -Y,R26
0003b4 81e8      	LD   R30,Y
0003b5 e0f0      	LDI  R31,0
0003b6 5bea      	SUBI R30,LOW(-__base_y_G102)
0003b7 4ffa      	SBCI R31,HIGH(-__base_y_G102)
0003b8 81e0      	LD   R30,Z
0003b9 81a9      	LDD  R26,Y+1
0003ba 0fae      	ADD  R26,R30
0003bb dfea      	RCALL __lcd_write_data
0003bc 81e9      	LDD  R30,Y+1
0003bd 93e0 054a 	STS  __lcd_x,R30
0003bf 81e8      	LD   R30,Y
0003c0 93e0 054b 	STS  __lcd_y,R30
0003c2 9622      	ADIW R28,2
0003c3 9508      	RET
                 ; .FEND
                 _lcd_clear:
                 ; .FSTART _lcd_clear
0003c4 e0a2      	LDI  R26,LOW(2)
0003c5 940e 04b7 	CALL SUBOPT_0xB
0003c7 e0ac      	LDI  R26,LOW(12)
0003c8 dfdd      	RCALL __lcd_write_data
0003c9 e0a1      	LDI  R26,LOW(1)
0003ca 940e 04b7 	CALL SUBOPT_0xB
0003cc e0e0      	LDI  R30,LOW(0)
0003cd 93e0 054b 	STS  __lcd_y,R30
0003cf 93e0 054a 	STS  __lcd_x,R30
0003d1 9508      	RET
                 ; .FEND
                 _lcd_putchar:
                 ; .FSTART _lcd_putchar
0003d2 93aa      	ST   -Y,R26
0003d3 81a8      	LD   R26,Y
0003d4 30aa      	CPI  R26,LOW(0xA)
0003d5 f031      	BREQ _0x2040005
0003d6 91e0 054c 	LDS  R30,__lcd_maxx
0003d8 91a0 054a 	LDS  R26,__lcd_x
0003da 17ae      	CP   R26,R30
0003db f060      	BRLO _0x2040004
                 _0x2040005:
0003dc e0e0      	LDI  R30,LOW(0)
0003dd 93ea      	ST   -Y,R30
0003de 91a0 054b 	LDS  R26,__lcd_y
0003e0 5faf      	SUBI R26,-LOW(1)
0003e1 93a0 054b 	STS  __lcd_y,R26
0003e3 dfcf      	RCALL _lcd_gotoxy
0003e4 81a8      	LD   R26,Y
0003e5 30aa      	CPI  R26,LOW(0xA)
0003e6 f409      	BRNE _0x2040007
0003e7 c059      	RJMP _0x20C0001
                 _0x2040007:
                 _0x2040004:
0003e8 91e0 054a 	LDS  R30,__lcd_x
0003ea 5fef      	SUBI R30,-LOW(1)
0003eb 93e0 054a 	STS  __lcd_x,R30
0003ed 9a18      	SBI  0x3,0
0003ee 81a8      	LD   R26,Y
0003ef dfb6      	RCALL __lcd_write_data
0003f0 9818      	CBI  0x3,0
0003f1 c04f      	RJMP _0x20C0001
                 ; .FEND
                 _lcd_puts:
                 ; .FSTART _lcd_puts
0003f2 93ba      	ST   -Y,R27
0003f3 93aa      	ST   -Y,R26
0003f4 931a      	ST   -Y,R17
                 _0x2040008:
0003f5 81a9      	LDD  R26,Y+1
0003f6 81ba      	LDD  R27,Y+1+1
0003f7 91ed      	LD   R30,X+
0003f8 83a9      	STD  Y+1,R26
0003f9 83ba      	STD  Y+1+1,R27
0003fa 2f1e      	MOV  R17,R30
0003fb 30e0      	CPI  R30,0
0003fc f019      	BREQ _0x204000A
0003fd 2fa1      	MOV  R26,R17
0003fe dfd3      	RCALL _lcd_putchar
0003ff cff5      	RJMP _0x2040008
                 _0x204000A:
000400 c010      	RJMP _0x20C0002
                 ; .FEND
                 _lcd_putsf:
                 ; .FSTART _lcd_putsf
000401 93ba      	ST   -Y,R27
000402 93aa      	ST   -Y,R26
000403 931a      	ST   -Y,R17
                 _0x204000B:
000404 81e9      	LDD  R30,Y+1
000405 81fa      	LDD  R31,Y+1+1
000406 9631      	ADIW R30,1
000407 83e9      	STD  Y+1,R30
000408 83fa      	STD  Y+1+1,R31
000409 9731      	SBIW R30,1
00040a 91e4      	LPM  R30,Z
00040b 2f1e      	MOV  R17,R30
00040c 30e0      	CPI  R30,0
00040d f019      	BREQ _0x204000D
00040e 2fa1      	MOV  R26,R17
00040f dfc2      	RCALL _lcd_putchar
000410 cff3      	RJMP _0x204000B
                 _0x204000D:
                 _0x20C0002:
000411 8118      	LDD  R17,Y+0
000412 9623      	ADIW R28,3
000413 9508      	RET
                 ; .FEND
                 _lcd_init:
                 ; .FSTART _lcd_init
000414 93aa      	ST   -Y,R26
000415 b1e2      	IN   R30,0x2
000416 6fe0      	ORI  R30,LOW(0xF0)
000417 b9e2      	OUT  0x2,R30
000418 9a12      	SBI  0x2,2
000419 9a10      	SBI  0x2,0
00041a 9a11      	SBI  0x2,1
00041b 981a      	CBI  0x3,2
00041c 9818      	CBI  0x3,0
00041d 9819      	CBI  0x3,1
00041e 81e8      	LD   R30,Y
00041f 93e0 054c 	STS  __lcd_maxx,R30
000421 58e0      	SUBI R30,-LOW(128)
                +
000422 93e0 0548+STS __base_y_G102 + ( 2 ) , R30
                 	__PUTB1MN __base_y_G102,2
000424 81e8      	LD   R30,Y
000425 54e0      	SUBI R30,-LOW(192)
                +
000426 93e0 0549+STS __base_y_G102 + ( 3 ) , R30
                 	__PUTB1MN __base_y_G102,3
000428 e1a4      	LDI  R26,LOW(20)
000429 e0b0      	LDI  R27,0
00042a 940e 04c5 	CALL _delay_ms
00042c 940e 04bd 	CALL SUBOPT_0xC
00042e 940e 04bd 	CALL SUBOPT_0xC
000430 940e 04bd 	CALL SUBOPT_0xC
000432 e2a0      	LDI  R26,LOW(32)
000433 df5e      	RCALL __lcd_write_nibble_G102
                +
000434 e980     +LDI R24 , LOW ( 400 )
000435 e091     +LDI R25 , HIGH ( 400 )
                +__DELAY_USW_LOOP :
000436 9701     +SBIW R24 , 1
000437 f7f1     +BRNE __DELAY_USW_LOOP
                 	__DELAY_USW 400
000438 e2a8      	LDI  R26,LOW(40)
000439 df6c      	RCALL __lcd_write_data
00043a e0a4      	LDI  R26,LOW(4)
00043b df6a      	RCALL __lcd_write_data
00043c e8a5      	LDI  R26,LOW(133)
00043d df68      	RCALL __lcd_write_data
00043e e0a6      	LDI  R26,LOW(6)
00043f df66      	RCALL __lcd_write_data
000440 df83      	RCALL _lcd_clear
                 _0x20C0001:
000441 9621      	ADIW R28,1
000442 9508      	RET
                 ; .FEND
                 
                 	.CSEG
                 
                 	.CSEG
                 
                 	.CSEG
                 _strlen:
                 ; .FSTART _strlen
000443 93ba      	ST   -Y,R27
000444 93aa      	ST   -Y,R26
000445 91a9          ld   r26,y+
000446 91b9          ld   r27,y+
000447 27ee          clr  r30
000448 27ff          clr  r31
                 strlen0:
000449 916d          ld   r22,x+
00044a 2366          tst  r22
00044b f011          breq strlen1
00044c 9631          adiw r30,1
00044d cffb          rjmp strlen0
                 strlen1:
00044e 9508          ret
                 ; .FEND
                 _strlenf:
                 ; .FSTART _strlenf
00044f 93ba      	ST   -Y,R27
000450 93aa      	ST   -Y,R26
000451 27aa          clr  r26
000452 27bb          clr  r27
000453 91e9          ld   r30,y+
000454 91f9          ld   r31,y+
                 strlenf0:
000455 9005      	lpm  r0,z+
000456 2000          tst  r0
000457 f011          breq strlenf1
000458 9611          adiw r26,1
000459 cffb          rjmp strlenf0
                 strlenf1:
00045a 01fd          movw r30,r26
00045b 9508          ret
                 ; .FEND
                 
                 	.DSEG
                 _digit:
000524           	.BYTE 0xA
                 _str:
00052e           	.BYTE 0x14
                 __seed_G100:
000542           	.BYTE 0x4
                 __base_y_G102:
000546           	.BYTE 0x4
                 __lcd_x:
00054a           	.BYTE 0x1
                 __lcd_y:
00054b           	.BYTE 0x1
                 __lcd_maxx:
00054c           	.BYTE 0x1
                 
                 	.CSEG
                 ;OPTIMIZER ADDED SUBROUTINE, CALLED 2 TIMES, CODE SIZE REDUCTION:4 WORDS
                 SUBOPT_0x0:
00045c e2a4      	LDI  R26,LOW(_digit)
00045d e0b5      	LDI  R27,HIGH(_digit)
00045e 0da8      	ADD  R26,R8
00045f 1db9      	ADC  R27,R9
000460 91ec      	LD   R30,X
000461 bbeb      	OUT  0x1B,R30
000462 01d6      	MOVW R26,R12
000463 940c 04c5 	JMP  _delay_ms
                 
                 ;OPTIMIZER ADDED SUBROUTINE, CALLED 5 TIMES, CODE SIZE REDUCTION:5 WORDS
                 SUBOPT_0x1:
000465 93ea      	ST   -Y,R30
000466 e0a0      	LDI  R26,LOW(0)
000467 940c 03b3 	JMP  _lcd_gotoxy
                 
                 ;OPTIMIZER ADDED SUBROUTINE, CALLED 4 TIMES, CODE SIZE REDUCTION:3 WORDS
                 SUBOPT_0x2:
000469 940e 0401 	CALL _lcd_putsf
00046b e0e0      	LDI  R30,LOW(0)
00046c 93ea      	ST   -Y,R30
00046d 9508      	RET
                 
                 ;OPTIMIZER ADDED SUBROUTINE, CALLED 2 TIMES, CODE SIZE REDUCTION:17 WORDS
                 SUBOPT_0x3:
00046e 920a      	ST   -Y,R0
00046f 921a      	ST   -Y,R1
000470 92fa      	ST   -Y,R15
000471 936a      	ST   -Y,R22
000472 937a      	ST   -Y,R23
000473 938a      	ST   -Y,R24
000474 939a      	ST   -Y,R25
000475 93aa      	ST   -Y,R26
000476 93ba      	ST   -Y,R27
000477 93ea      	ST   -Y,R30
000478 93fa      	ST   -Y,R31
000479 b7ef      	IN   R30,SREG
00047a 93ea      	ST   -Y,R30
00047b e1a4      	LDI  R26,LOW(20)
00047c e0b0      	LDI  R27,0
00047d 940e 04c5 	CALL _delay_ms
00047f 940e 03c4 	CALL _lcd_clear
000481 e0e0      	LDI  R30,LOW(0)
000482 cfe2      	RJMP SUBOPT_0x1
                 
                 ;OPTIMIZER ADDED SUBROUTINE, CALLED 2 TIMES, CODE SIZE REDUCTION:2 WORDS
                 SUBOPT_0x4:
000483 940e 0129 	CALL _pressed_key
000485 015f      	MOVW R10,R30
000486 efef      	LDI  R30,LOW(65535)
000487 efff      	LDI  R31,HIGH(65535)
000488 15ea      	CP   R30,R10
000489 05fb      	CPC  R31,R11
00048a 9508      	RET
                 
                 ;OPTIMIZER ADDED SUBROUTINE, CALLED 5 TIMES, CODE SIZE REDUCTION:13 WORDS
                 SUBOPT_0x5:
00048b 932a      	ST   -Y,R18
00048c 85ad      	LDD  R26,Y+13
00048d 85be      	LDD  R27,Y+13+1
00048e 85ef      	LDD  R30,Y+15
00048f 89f8      	LDD  R31,Y+15+1
000490 9509      	ICALL
000491 9508      	RET
                 
                 ;OPTIMIZER ADDED SUBROUTINE, CALLED 5 TIMES, CODE SIZE REDUCTION:9 WORDS
                 SUBOPT_0x6:
000492 89e8      	LDD  R30,Y+16
000493 89f9      	LDD  R31,Y+16+1
000494 9734      	SBIW R30,4
000495 8be8      	STD  Y+16,R30
000496 8bf9      	STD  Y+16+1,R31
000497 9508      	RET
                 
                 ;OPTIMIZER ADDED SUBROUTINE, CALLED 3 TIMES, CODE SIZE REDUCTION:3 WORDS
                 SUBOPT_0x7:
000498 85ad      	LDD  R26,Y+13
000499 85be      	LDD  R27,Y+13+1
00049a 85ef      	LDD  R30,Y+15
00049b 89f8      	LDD  R31,Y+15+1
00049c 9509      	ICALL
00049d 9508      	RET
                 
                 ;OPTIMIZER ADDED SUBROUTINE, CALLED 2 TIMES, CODE SIZE REDUCTION:4 WORDS
                 SUBOPT_0x8:
00049e 89a8      	LDD  R26,Y+16
00049f 89b9      	LDD  R27,Y+16+1
0004a0 9614      	ADIW R26,4
0004a1 940e 04dc 	CALL __GETW1P
0004a3 83ee      	STD  Y+6,R30
0004a4 83ff      	STD  Y+6+1,R31
0004a5 81ae      	LDD  R26,Y+6
0004a6 81bf      	LDD  R27,Y+6+1
0004a7 9508      	RET
                 
                 ;OPTIMIZER ADDED SUBROUTINE, CALLED 2 TIMES, CODE SIZE REDUCTION:2 WORDS
                 SUBOPT_0x9:
0004a8 89a8      	LDD  R26,Y+16
0004a9 89b9      	LDD  R27,Y+16+1
0004aa 9614      	ADIW R26,4
0004ab 940e 04dc 	CALL __GETW1P
0004ad 87ea      	STD  Y+10,R30
0004ae 87fb      	STD  Y+10+1,R31
0004af 9508      	RET
                 
                 ;OPTIMIZER ADDED SUBROUTINE, CALLED 2 TIMES, CODE SIZE REDUCTION:1 WORDS
                 SUBOPT_0xA:
0004b0 01de      	MOVW R26,R28
0004b1 961c      	ADIW R26,12
0004b2 940e 04cf 	CALL __ADDW2R15
0004b4 940e 04dc 	CALL __GETW1P
0004b6 9508      	RET
                 
                 ;OPTIMIZER ADDED SUBROUTINE, CALLED 2 TIMES, CODE SIZE REDUCTION:1 WORDS
                 SUBOPT_0xB:
0004b7 940e 03a6 	CALL __lcd_write_data
0004b9 e0a3      	LDI  R26,LOW(3)
0004ba e0b0      	LDI  R27,0
0004bb 940c 04c5 	JMP  _delay_ms
                 
                 ;OPTIMIZER ADDED SUBROUTINE, CALLED 3 TIMES, CODE SIZE REDUCTION:7 WORDS
                 SUBOPT_0xC:
0004bd e3a0      	LDI  R26,LOW(48)
0004be 940e 0392 	CALL __lcd_write_nibble_G102
                +
0004c0 e980     +LDI R24 , LOW ( 400 )
0004c1 e091     +LDI R25 , HIGH ( 400 )
                +__DELAY_USW_LOOP :
0004c2 9701     +SBIW R24 , 1
0004c3 f7f1     +BRNE __DELAY_USW_LOOP
                 	__DELAY_USW 400
0004c4 9508      	RET
                 
                 
                 	.CSEG
                 _delay_ms:
0004c5 9610      	adiw r26,0
0004c6 f039      	breq __delay_ms1
                 __delay_ms0:
                +
0004c7 ea80     +LDI R24 , LOW ( 0xFA0 )
0004c8 e09f     +LDI R25 , HIGH ( 0xFA0 )
                +__DELAY_USW_LOOP :
0004c9 9701     +SBIW R24 , 1
0004ca f7f1     +BRNE __DELAY_USW_LOOP
                 	__DELAY_USW 0xFA0
0004cb 95a8      	wdr
0004cc 9711      	sbiw r26,1
0004cd f7c9      	brne __delay_ms0
                 __delay_ms1:
0004ce 9508      	ret
                 
                 __ADDW2R15:
0004cf 2400      	CLR  R0
0004d0 0daf      	ADD  R26,R15
0004d1 1db0      	ADC  R27,R0
0004d2 9508      	RET
                 
                 __ANEGW1:
0004d3 95f1      	NEG  R31
0004d4 95e1      	NEG  R30
0004d5 40f0      	SBCI R31,0
0004d6 9508      	RET
                 
                 __CWD1:
0004d7 2f6f      	MOV  R22,R31
0004d8 0f66      	ADD  R22,R22
0004d9 0b66      	SBC  R22,R22
0004da 2f76      	MOV  R23,R22
0004db 9508      	RET
                 
                 __GETW1P:
0004dc 91ed      	LD   R30,X+
0004dd 91fc      	LD   R31,X
0004de 9711      	SBIW R26,1
0004df 9508      	RET
                 
                 __GETW1PF:
0004e0 9005      	LPM  R0,Z+
0004e1 91f4      	LPM  R31,Z
0004e2 2de0      	MOV  R30,R0
0004e3 9508      	RET
                 
                 __PUTPARD1:
0004e4 937a      	ST   -Y,R23
0004e5 936a      	ST   -Y,R22
0004e6 93fa      	ST   -Y,R31
0004e7 93ea      	ST   -Y,R30
0004e8 9508      	RET
                 
                 __SAVELOCR6:
0004e9 935a      	ST   -Y,R21
                 __SAVELOCR5:
0004ea 934a      	ST   -Y,R20
                 __SAVELOCR4:
0004eb 933a      	ST   -Y,R19
                 __SAVELOCR3:
0004ec 932a      	ST   -Y,R18
                 __SAVELOCR2:
0004ed 931a      	ST   -Y,R17
0004ee 930a      	ST   -Y,R16
0004ef 9508      	RET
                 
                 __LOADLOCR6:
0004f0 815d      	LDD  R21,Y+5
                 __LOADLOCR5:
0004f1 814c      	LDD  R20,Y+4
                 __LOADLOCR4:
0004f2 813b      	LDD  R19,Y+3
                 __LOADLOCR3:
0004f3 812a      	LDD  R18,Y+2
                 __LOADLOCR2:
0004f4 8119      	LDD  R17,Y+1
0004f5 8108      	LD   R16,Y
0004f6 9508      	RET
                 
                 ;END OF CODE MARKER
                 __END_OF_CODE:


RESOURCE USE INFORMATION
------------------------

Notice:
The register and instruction counts are symbol table hit counts,
and hence implicitly used resources are not counted, eg, the
'lpm' instruction without operands implicitly uses r0 and z,
none of which are counted.

x,y,z are separate entities in the symbol table and are
counted separately from r26..r31 here.

.dseg memory usage only counts static data declared with .byte

ATmega64 register use summary:
r0 :  19 r1 :   3 r2 :   0 r3 :   0 r4 :   2 r5 :   0 r6 :   2 r7 :   0 
r8 :   9 r9 :   3 r10:   7 r11:   3 r12:   3 r13:   0 r14:   0 r15:   6 
r16:  34 r17:  27 r18:  29 r19:   8 r20:   9 r21:  17 r22:  13 r23:   4 
r24:  25 r25:   8 r26: 125 r27:  53 r28:  14 r29:   1 r30: 223 r31:  78 
x  :  24 y  : 198 z  :  16 
Registers used: 29 out of 35 (82.9%)

ATmega64 instruction use summary:
.lds  :   0 .lds.l:   0 .sts  :   0 .sts.l:   0 adc   :   2 add   :   5 
adiw  :  25 and   :   0 andi  :   6 asr   :   0 bclr  :   0 bld   :   0 
brbc  :   0 brbs  :   0 brcc  :   0 brcs  :   0 break :   0 breq  :  22 
brge  :   2 brhc  :   0 brhs  :   0 brid  :   0 brie  :   0 brlo  :   8 
brlt  :   0 brmi  :   1 brne  :  30 brpl  :   1 brsh  :   2 brtc  :   0 
brts  :   0 brvc  :   0 brvs  :   0 bset  :   0 bst   :   0 call  :  82 
cbi   :  11 cbr   :   0 clc   :   0 clh   :   0 cli   :   1 cln   :   0 
clr   :   9 cls   :   0 clt   :   0 clv   :   0 clz   :   0 com   :   0 
cp    :   9 cpc   :   7 cpi   :  34 cpse  :   0 dec   :   4 des   :   0 
eor   :   0 fmul  :   0 fmuls :   0 fmulsu:   0 icall :   2 ijmp  :   0 
in    :   3 inc   :   0 jmp   :  39 ld    :  39 ldd   :  77 ldi   : 152 
lds   :   5 lpm   :  16 lsl   :   0 lsr   :   0 mov   :  18 movw  :  27 
mul   :   1 muls  :   0 mulsu :   0 neg   :   2 nop   :   0 or    :   1 
ori   :   7 out   :  21 pop   :   1 push  :   1 rcall :  21 ret   :  41 
reti  :   1 rjmp  :  74 rol   :   0 ror   :   0 sbc   :   2 sbci  :   2 
sbi   :  14 sbic  :   9 sbis  :   0 sbiw  :  23 sbr   :   0 sbrc  :   2 
sbrs  :  10 sec   :   0 seh   :   0 sei   :   1 sen   :   0 ser   :   0 
ses   :   0 set   :   0 sev   :   0 sez   :   0 sleep :   0 spm   :   0 
st    :  76 std   :  33 sts   :  11 sub   :   1 subi  :  18 swap  :   1 
tst   :   4 wdr   :   1 
Instructions used: 56 out of 116 (48.3%)

ATmega64 memory use summary [bytes]:
Segment   Begin    End      Code   Data   Used    Size   Use%
---------------------------------------------------------------
[.cseg] 0x000000 0x0009ee   2304    238   2542   65536   3.9%
[.dseg] 0x000100 0x00054d      0     77     77    4096   1.9%
[.eseg] 0x000000 0x000000      0      0      0    2048   0.0%

Assembly complete, 0 errors, 12 warnings
